TN:
SF:src/config.js
FN:163,(anonymous_0)
FN:164,(anonymous_1)
FN:167,parseAuthUsers
FN:176,(anonymous_3)
FNF:4
FNH:0
FNDA:0,(anonymous_0)
FNDA:0,(anonymous_1)
FNDA:0,parseAuthUsers
FNDA:0,(anonymous_3)
DA:7,0
DA:8,0
DA:9,0
DA:15,0
DA:17,0
DA:27,0
DA:29,0
DA:32,0
DA:33,0
DA:36,0
DA:37,0
DA:38,0
DA:39,0
DA:43,0
DA:50,0
DA:51,0
DA:53,0
DA:54,0
DA:61,0
DA:69,0
DA:71,0
DA:72,0
DA:73,0
DA:74,0
DA:75,0
DA:76,0
DA:79,0
DA:80,0
DA:81,0
DA:82,0
DA:83,0
DA:86,0
DA:89,0
DA:95,0
DA:96,0
DA:100,0
DA:101,0
DA:102,0
DA:104,0
DA:105,0
DA:109,0
DA:117,0
DA:118,0
DA:123,0
DA:128,0
DA:133,0
DA:139,0
DA:140,0
DA:145,0
DA:146,0
DA:147,0
DA:148,0
DA:149,0
DA:152,0
DA:153,0
DA:154,0
DA:155,0
DA:156,0
DA:157,0
DA:160,0
DA:161,0
DA:163,0
DA:164,0
DA:168,0
DA:169,0
DA:170,0
DA:171,0
DA:172,0
DA:173,0
DA:175,0
DA:177,0
DA:178,0
DA:179,0
DA:180,0
DA:181,0
DA:184,0
DA:185,0
DA:186,0
DA:190,0
DA:191,0
DA:195,0
DA:196,0
DA:197,0
DA:198,0
DA:203,0
DA:204,0
DA:205,0
DA:206,0
DA:207,0
DA:208,0
DA:209,0
DA:210,0
DA:211,0
DA:212,0
DA:213,0
DA:214,0
DA:215,0
DA:216,0
DA:217,0
DA:218,0
DA:219,0
DA:220,0
DA:221,0
DA:222,0
DA:223,0
DA:224,0
DA:225,0
DA:226,0
DA:227,0
DA:228,0
DA:229,0
DA:230,0
DA:231,0
DA:232,0
DA:233,0
DA:234,0
DA:238,0
DA:239,0
DA:242,0
DA:243,0
DA:244,0
DA:245,0
DA:246,0
DA:247,0
DA:248,0
DA:249,0
DA:250,0
DA:251,0
LF:128
LH:0
BRDA:9,0,0,0
BRDA:9,0,1,0
BRDA:11,1,0,0
BRDA:11,1,1,0
BRDA:18,2,0,0
BRDA:18,2,1,0
BRDA:20,3,0,0
BRDA:20,3,1,0
BRDA:27,4,0,0
BRDA:27,4,1,0
BRDA:29,5,0,0
BRDA:29,5,1,0
BRDA:32,6,0,0
BRDA:32,6,1,0
BRDA:33,7,0,0
BRDA:33,7,1,0
BRDA:36,8,0,0
BRDA:36,8,1,0
BRDA:37,9,0,0
BRDA:37,9,1,0
BRDA:38,10,0,0
BRDA:38,10,1,0
BRDA:39,11,0,0
BRDA:39,11,1,0
BRDA:44,12,0,0
BRDA:44,12,1,0
BRDA:44,12,2,0
BRDA:50,13,0,0
BRDA:50,13,1,0
BRDA:51,14,0,0
BRDA:51,14,1,0
BRDA:53,15,0,0
BRDA:53,15,1,0
BRDA:54,16,0,0
BRDA:54,16,1,0
BRDA:61,17,0,0
BRDA:61,17,1,0
BRDA:61,18,0,0
BRDA:61,18,1,0
BRDA:61,18,2,0
BRDA:61,18,3,0
BRDA:61,18,4,0
BRDA:69,19,0,0
BRDA:69,19,1,0
BRDA:71,20,0,0
BRDA:71,20,1,0
BRDA:72,21,0,0
BRDA:72,21,1,0
BRDA:73,22,0,0
BRDA:73,22,1,0
BRDA:74,23,0,0
BRDA:74,23,1,0
BRDA:75,24,0,0
BRDA:75,24,1,0
BRDA:76,25,0,0
BRDA:76,25,1,0
BRDA:79,26,0,0
BRDA:79,26,1,0
BRDA:80,27,0,0
BRDA:80,27,1,0
BRDA:81,28,0,0
BRDA:81,28,1,0
BRDA:82,29,0,0
BRDA:82,29,1,0
BRDA:83,30,0,0
BRDA:83,30,1,0
BRDA:87,31,0,0
BRDA:87,31,1,0
BRDA:90,32,0,0
BRDA:90,32,1,0
BRDA:90,32,2,0
BRDA:98,33,0,0
BRDA:98,33,1,0
BRDA:104,34,0,0
BRDA:104,34,1,0
BRDA:107,35,0,0
BRDA:107,35,1,0
BRDA:110,36,0,0
BRDA:110,36,1,0
BRDA:110,36,2,0
BRDA:117,37,0,0
BRDA:117,37,1,0
BRDA:117,37,2,0
BRDA:119,38,0,0
BRDA:119,38,1,0
BRDA:119,38,2,0
BRDA:124,39,0,0
BRDA:124,39,1,0
BRDA:124,39,2,0
BRDA:129,40,0,0
BRDA:129,40,1,0
BRDA:129,40,2,0
BRDA:134,41,0,0
BRDA:134,41,1,0
BRDA:134,41,2,0
BRDA:141,42,0,0
BRDA:141,42,1,0
BRDA:146,43,0,0
BRDA:146,43,1,0
BRDA:147,44,0,0
BRDA:147,44,1,0
BRDA:148,45,0,0
BRDA:148,45,1,0
BRDA:150,46,0,0
BRDA:150,46,1,0
BRDA:152,47,0,0
BRDA:152,47,1,0
BRDA:153,48,0,0
BRDA:153,48,1,0
BRDA:154,49,0,0
BRDA:154,49,1,0
BRDA:155,50,0,0
BRDA:155,50,1,0
BRDA:156,51,0,0
BRDA:156,51,1,0
BRDA:157,52,0,0
BRDA:157,52,1,0
BRDA:160,53,0,0
BRDA:160,53,1,0
BRDA:168,54,0,0
BRDA:168,54,1,0
BRDA:168,55,0,0
BRDA:168,55,1,0
BRDA:171,56,0,0
BRDA:171,56,1,0
BRDA:177,57,0,0
BRDA:177,57,1,0
BRDA:177,58,0,0
BRDA:177,58,1,0
BRDA:178,59,0,0
BRDA:178,59,1,0
BRDA:179,60,0,0
BRDA:179,60,1,0
BRDA:180,61,0,0
BRDA:180,61,1,0
BRDA:181,62,0,0
BRDA:181,62,1,0
BRDA:184,63,0,0
BRDA:184,63,1,0
BRDA:185,64,0,0
BRDA:185,64,1,0
BRDA:185,65,0,0
BRDA:185,65,1,0
BRDA:195,66,0,0
BRDA:195,66,1,0
BRDA:196,67,0,0
BRDA:196,67,1,0
BRDA:197,68,0,0
BRDA:197,68,1,0
BRDA:199,69,0,0
BRDA:199,69,1,0
BRDA:203,70,0,0
BRDA:203,70,1,0
BRDA:203,71,0,0
BRDA:203,71,1,0
BRDA:205,72,0,0
BRDA:205,72,1,0
BRDA:207,73,0,0
BRDA:207,73,1,0
BRDA:209,74,0,0
BRDA:209,74,1,0
BRDA:211,75,0,0
BRDA:211,75,1,0
BRDA:213,76,0,0
BRDA:213,76,1,0
BRDA:215,77,0,0
BRDA:215,77,1,0
BRDA:217,78,0,0
BRDA:217,78,1,0
BRDA:219,79,0,0
BRDA:219,79,1,0
BRDA:221,80,0,0
BRDA:221,80,1,0
BRDA:223,81,0,0
BRDA:223,81,1,0
BRDA:225,82,0,0
BRDA:225,82,1,0
BRDA:227,83,0,0
BRDA:227,83,1,0
BRDA:229,84,0,0
BRDA:229,84,1,0
BRDA:229,85,0,0
BRDA:229,85,1,0
BRDA:231,86,0,0
BRDA:231,86,1,0
BRDA:233,87,0,0
BRDA:233,87,1,0
BRDA:236,88,0,0
BRDA:236,88,1,0
BRDA:238,89,0,0
BRDA:238,89,1,0
BRDA:242,90,0,0
BRDA:242,90,1,0
BRDA:242,91,0,0
BRDA:242,91,1,0
BRDA:242,91,2,0
BRDA:244,92,0,0
BRDA:244,92,1,0
BRDA:244,93,0,0
BRDA:244,93,1,0
BRDA:246,94,0,0
BRDA:246,94,1,0
BRDA:246,95,0,0
BRDA:246,95,1,0
BRDA:248,96,0,0
BRDA:248,96,1,0
BRDA:248,97,0,0
BRDA:248,97,1,0
BRDA:250,98,0,0
BRDA:250,98,1,0
BRDA:250,99,0,0
BRDA:250,99,1,0
BRF:212
BRH:0
end_of_record
TN:
SF:src/application/accounting/AccountingEntryGeneratorService.js
FN:71,parseDecimal
FN:80,formatCompetenciaLabel
FN:87,applyTemplate
FN:101,getLastDayOfMonth
FN:114,getLastDayOfMonthBeforeDueDate
FN:121,pickDueDateFromCircular
FN:131,resolveEntryDate
FN:157,sumEntryLines
FN:158,(anonymous_8)
FN:161,resolveAmount
FN:166,buildEventsFromCircular
FN:192,resolveRule
FN:219,lookupAccountsFromHistorico
FN:237,findChangedValue
FN:250,upsertGeneratedEntry
FN:399,generateEntriesFromCircular
FN:413,(anonymous_16)
FN:507,(anonymous_17)
FN:507,(anonymous_18)
FNF:19
FNH:0
FNDA:0,parseDecimal
FNDA:0,formatCompetenciaLabel
FNDA:0,applyTemplate
FNDA:0,getLastDayOfMonth
FNDA:0,getLastDayOfMonthBeforeDueDate
FNDA:0,pickDueDateFromCircular
FNDA:0,resolveEntryDate
FNDA:0,sumEntryLines
FNDA:0,(anonymous_8)
FNDA:0,resolveAmount
FNDA:0,buildEventsFromCircular
FNDA:0,resolveRule
FNDA:0,lookupAccountsFromHistorico
FNDA:0,findChangedValue
FNDA:0,upsertGeneratedEntry
FNDA:0,generateEntriesFromCircular
FNDA:0,(anonymous_16)
FNDA:0,(anonymous_17)
FNDA:0,(anonymous_18)
DA:15,0
DA:56,0
DA:72,0
DA:73,0
DA:74,0
DA:75,0
DA:76,0
DA:77,0
DA:81,0
DA:82,0
DA:83,0
DA:84,0
DA:90,0
DA:102,0
DA:103,0
DA:104,0
DA:105,0
DA:106,0
DA:107,0
DA:108,0
DA:115,0
DA:116,0
DA:117,0
DA:118,0
DA:122,0
DA:132,0
DA:133,0
DA:134,0
DA:138,0
DA:139,0
DA:140,0
DA:141,0
DA:143,0
DA:146,0
DA:147,0
DA:148,0
DA:149,0
DA:150,0
DA:154,0
DA:158,0
DA:162,0
DA:163,0
DA:167,0
DA:168,0
DA:169,0
DA:170,0
DA:171,0
DA:182,0
DA:193,0
DA:196,0
DA:198,0
DA:201,0
DA:203,0
DA:204,0
DA:205,0
DA:220,0
DA:221,0
DA:230,0
DA:231,0
DA:238,0
DA:241,0
DA:251,0
DA:257,0
DA:258,0
DA:269,0
DA:270,0
DA:271,0
DA:272,0
DA:276,0
DA:277,0
DA:279,0
DA:280,0
DA:282,0
DA:299,0
DA:300,0
DA:301,0
DA:308,0
DA:309,0
DA:310,0
DA:314,0
DA:315,0
DA:316,0
DA:317,0
DA:337,0
DA:342,0
DA:358,0
DA:359,0
DA:366,0
DA:369,0
DA:396,0
DA:400,0
DA:401,0
DA:402,0
DA:403,0
DA:404,0
DA:405,0
DA:407,0
DA:408,0
DA:409,0
DA:410,0
DA:413,0
DA:414,0
DA:418,0
DA:419,0
DA:420,0
DA:421,0
DA:424,0
DA:433,0
DA:434,0
DA:442,0
DA:443,0
DA:444,0
DA:445,0
DA:447,0
DA:449,0
DA:450,0
DA:451,0
DA:455,0
DA:459,0
DA:470,0
DA:480,0
DA:486,0
DA:492,0
DA:493,0
DA:501,0
DA:502,0
DA:507,0
DA:512,0
DA:516,0
LF:129
LH:0
BRDA:72,0,0,0
BRDA:72,0,1,0
BRDA:72,1,0,0
BRDA:72,1,1,0
BRDA:73,2,0,0
BRDA:73,2,1,0
BRDA:73,3,0,0
BRDA:73,3,1,0
BRDA:75,4,0,0
BRDA:75,4,1,0
BRDA:76,5,0,0
BRDA:76,5,1,0
BRDA:77,6,0,0
BRDA:77,6,1,0
BRDA:82,7,0,0
BRDA:82,7,1,0
BRDA:90,8,0,0
BRDA:90,8,1,0
BRDA:91,9,0,0
BRDA:91,9,1,0
BRDA:91,9,2,0
BRDA:92,10,0,0
BRDA:92,10,1,0
BRDA:93,11,0,0
BRDA:93,11,1,0
BRDA:94,12,0,0
BRDA:94,12,1,0
BRDA:95,13,0,0
BRDA:95,13,1,0
BRDA:96,14,0,0
BRDA:96,14,1,0
BRDA:97,15,0,0
BRDA:97,15,1,0
BRDA:98,16,0,0
BRDA:98,16,1,0
BRDA:103,17,0,0
BRDA:103,17,1,0
BRDA:107,18,0,0
BRDA:107,18,1,0
BRDA:107,19,0,0
BRDA:107,19,1,0
BRDA:115,20,0,0
BRDA:115,20,1,0
BRDA:116,21,0,0
BRDA:116,21,1,0
BRDA:117,22,0,0
BRDA:117,22,1,0
BRDA:123,23,0,0
BRDA:123,23,1,0
BRDA:123,23,2,0
BRDA:123,23,3,0
BRDA:123,23,4,0
BRDA:123,24,0,0
BRDA:123,24,1,0
BRDA:124,25,0,0
BRDA:124,25,1,0
BRDA:132,26,0,0
BRDA:132,26,1,0
BRDA:133,27,0,0
BRDA:133,27,1,0
BRDA:134,28,0,0
BRDA:134,28,1,0
BRDA:138,29,0,0
BRDA:138,29,1,0
BRDA:141,30,0,0
BRDA:141,30,1,0
BRDA:143,31,0,0
BRDA:143,31,1,0
BRDA:146,32,0,0
BRDA:146,32,1,0
BRDA:148,33,0,0
BRDA:148,33,1,0
BRDA:150,34,0,0
BRDA:150,34,1,0
BRDA:154,35,0,0
BRDA:154,35,1,0
BRDA:158,36,0,0
BRDA:158,36,1,0
BRDA:158,37,0,0
BRDA:158,37,1,0
BRDA:162,38,0,0
BRDA:162,38,1,0
BRDA:170,39,0,0
BRDA:170,39,1,0
BRDA:170,40,0,0
BRDA:170,40,1,0
BRDA:196,41,0,0
BRDA:196,41,1,0
BRDA:201,42,0,0
BRDA:201,42,1,0
BRDA:204,43,0,0
BRDA:204,43,1,0
BRDA:220,44,0,0
BRDA:220,44,1,0
BRDA:220,45,0,0
BRDA:220,45,1,0
BRDA:230,46,0,0
BRDA:230,46,1,0
BRDA:232,47,0,0
BRDA:232,47,1,0
BRDA:233,48,0,0
BRDA:233,48,1,0
BRDA:238,49,0,0
BRDA:238,49,1,0
BRDA:242,50,0,0
BRDA:242,50,1,0
BRDA:242,50,2,0
BRDA:242,50,3,0
BRDA:242,50,4,0
BRDA:242,51,0,0
BRDA:242,51,1,0
BRDA:242,52,0,0
BRDA:242,52,1,0
BRDA:243,53,0,0
BRDA:243,53,1,0
BRDA:243,54,0,0
BRDA:243,54,1,0
BRDA:244,55,0,0
BRDA:244,55,1,0
BRDA:244,56,0,0
BRDA:244,56,1,0
BRDA:245,57,0,0
BRDA:245,57,1,0
BRDA:245,58,0,0
BRDA:245,58,1,0
BRDA:246,59,0,0
BRDA:246,59,1,0
BRDA:246,60,0,0
BRDA:246,60,1,0
BRDA:269,61,0,0
BRDA:269,61,1,0
BRDA:270,62,0,0
BRDA:270,62,1,0
BRDA:271,63,0,0
BRDA:271,63,1,0
BRDA:271,64,0,0
BRDA:271,64,1,0
BRDA:276,65,0,0
BRDA:276,65,1,0
BRDA:277,66,0,0
BRDA:277,66,1,0
BRDA:279,67,0,0
BRDA:279,67,1,0
BRDA:280,68,0,0
BRDA:280,68,1,0
BRDA:291,69,0,0
BRDA:291,69,1,0
BRDA:295,70,0,0
BRDA:295,70,1,0
BRDA:299,71,0,0
BRDA:299,71,1,0
BRDA:300,72,0,0
BRDA:300,72,1,0
BRDA:309,73,0,0
BRDA:309,73,1,0
BRDA:314,74,0,0
BRDA:314,74,1,0
BRDA:315,75,0,0
BRDA:315,75,1,0
BRDA:316,76,0,0
BRDA:316,76,1,0
BRDA:316,77,0,0
BRDA:316,77,1,0
BRDA:325,78,0,0
BRDA:325,78,1,0
BRDA:329,79,0,0
BRDA:329,79,1,0
BRDA:350,80,0,0
BRDA:350,80,1,0
BRDA:354,81,0,0
BRDA:354,81,1,0
BRDA:379,82,0,0
BRDA:379,82,1,0
BRDA:383,83,0,0
BRDA:383,83,1,0
BRDA:399,84,0,0
BRDA:400,85,0,0
BRDA:400,85,1,0
BRDA:402,86,0,0
BRDA:402,86,1,0
BRDA:407,87,0,0
BRDA:407,87,1,0
BRDA:418,88,0,0
BRDA:418,88,1,0
BRDA:433,89,0,0
BRDA:433,89,1,0
BRDA:450,90,0,0
BRDA:450,90,1,0
BRDA:480,91,0,0
BRDA:480,91,1,0
BRDA:481,92,0,0
BRDA:481,92,1,0
BRDA:481,92,2,0
BRDA:481,92,3,0
BRDA:489,93,0,0
BRDA:489,93,1,0
BRDA:492,94,0,0
BRDA:492,94,1,0
BRDA:495,95,0,0
BRDA:495,95,1,0
BRDA:501,96,0,0
BRDA:501,96,1,0
BRDA:506,97,0,0
BRDA:506,97,1,0
BRF:204
BRH:0
end_of_record
TN:
SF:src/application/accounting/AccountingFunctionService.js
FN:9,getLastDayOfCompetencia
FN:19,listAccountingFunctionsForCompany
FN:31,createAccountingFunction
FN:46,(anonymous_3)
FN:52,(anonymous_4)
FN:68,updateAccountingFunction
FN:76,(anonymous_6)
FN:88,(anonymous_7)
FN:94,(anonymous_8)
FN:112,deleteAccountingFunction
FN:127,applyAccountingFunction
FN:148,(anonymous_11)
FN:160,(anonymous_12)
FN:183,(anonymous_13)
FNF:14
FNH:0
FNDA:0,getLastDayOfCompetencia
FNDA:0,listAccountingFunctionsForCompany
FNDA:0,createAccountingFunction
FNDA:0,(anonymous_3)
FNDA:0,(anonymous_4)
FNDA:0,updateAccountingFunction
FNDA:0,(anonymous_6)
FNDA:0,(anonymous_7)
FNDA:0,(anonymous_8)
FNDA:0,deleteAccountingFunction
FNDA:0,applyAccountingFunction
FNDA:0,(anonymous_11)
FNDA:0,(anonymous_12)
FNDA:0,(anonymous_13)
DA:10,0
DA:11,0
DA:12,0
DA:13,0
DA:20,0
DA:32,0
DA:33,0
DA:34,0
DA:35,0
DA:38,0
DA:46,0
DA:52,0
DA:69,0
DA:72,0
DA:73,0
DA:74,0
DA:76,0
DA:78,0
DA:79,0
DA:81,0
DA:88,0
DA:94,0
DA:113,0
DA:114,0
DA:115,0
DA:116,0
DA:118,0
DA:119,0
DA:128,0
DA:129,0
DA:131,0
DA:135,0
DA:137,0
DA:138,0
DA:141,0
DA:145,0
DA:147,0
DA:148,0
DA:150,0
DA:157,0
DA:158,0
DA:160,0
DA:161,0
DA:162,0
DA:163,0
DA:164,0
DA:166,0
DA:167,0
DA:168,0
DA:169,0
DA:170,0
DA:172,0
DA:183,0
DA:194,0
DA:198,0
LF:55
LH:0
BRDA:11,0,0,0
BRDA:11,0,1,0
BRDA:32,1,0,0
BRDA:32,1,1,0
BRDA:33,2,0,0
BRDA:33,2,1,0
BRDA:34,3,0,0
BRDA:34,3,1,0
BRDA:34,4,0,0
BRDA:34,4,1,0
BRDA:42,5,0,0
BRDA:42,5,1,0
BRDA:44,6,0,0
BRDA:44,6,1,0
BRDA:47,7,0,0
BRDA:47,7,1,0
BRDA:48,8,0,0
BRDA:48,8,1,0
BRDA:49,9,0,0
BRDA:49,9,1,0
BRDA:50,10,0,0
BRDA:50,10,1,0
BRDA:52,11,0,0
BRDA:52,11,1,0
BRDA:53,12,0,0
BRDA:53,12,1,0
BRDA:54,13,0,0
BRDA:54,13,1,0
BRDA:55,14,0,0
BRDA:55,14,1,0
BRDA:72,15,0,0
BRDA:72,15,1,0
BRDA:73,16,0,0
BRDA:73,16,1,0
BRDA:74,17,0,0
BRDA:74,17,1,0
BRDA:78,18,0,0
BRDA:78,18,1,0
BRDA:84,19,0,0
BRDA:84,19,1,0
BRDA:85,20,0,0
BRDA:85,20,1,0
BRDA:85,21,0,0
BRDA:85,21,1,0
BRDA:86,22,0,0
BRDA:86,22,1,0
BRDA:89,23,0,0
BRDA:89,23,1,0
BRDA:90,24,0,0
BRDA:90,24,1,0
BRDA:91,25,0,0
BRDA:91,25,1,0
BRDA:92,26,0,0
BRDA:92,26,1,0
BRDA:94,27,0,0
BRDA:94,27,1,0
BRDA:95,28,0,0
BRDA:95,28,1,0
BRDA:96,29,0,0
BRDA:96,29,1,0
BRDA:97,30,0,0
BRDA:97,30,1,0
BRDA:114,31,0,0
BRDA:114,31,1,0
BRDA:115,32,0,0
BRDA:115,32,1,0
BRDA:116,33,0,0
BRDA:116,33,1,0
BRDA:129,34,0,0
BRDA:129,34,1,0
BRDA:135,35,0,0
BRDA:135,35,1,0
BRDA:137,36,0,0
BRDA:137,36,1,0
BRDA:137,37,0,0
BRDA:137,37,1,0
BRDA:145,38,0,0
BRDA:145,38,1,0
BRDA:148,39,0,0
BRDA:148,39,1,0
BRDA:153,40,0,0
BRDA:153,40,1,0
BRDA:154,41,0,0
BRDA:154,41,1,0
BRDA:164,42,0,0
BRDA:164,42,1,0
BRDA:164,43,0,0
BRDA:164,43,1,0
BRDA:166,44,0,0
BRDA:166,44,1,0
BRDA:168,45,0,0
BRDA:168,45,1,0
BRDA:169,46,0,0
BRDA:169,46,1,0
BRDA:170,47,0,0
BRDA:170,47,1,0
BRDA:183,48,0,0
BRDA:183,48,1,0
BRDA:184,49,0,0
BRDA:184,49,1,0
BRDA:187,50,0,0
BRDA:187,50,1,0
BRF:102
BRH:0
end_of_record
TN:
SF:src/application/accounting/GuideToProvisionBackfill.js
FN:11,backfillProvisionsFromExistingGuides
FNF:1
FNH:0
FNDA:0,backfillProvisionsFromExistingGuides
DA:8,0
DA:9,0
DA:12,0
DA:13,0
DA:14,0
DA:15,0
DA:28,0
DA:29,0
DA:32,0
DA:33,0
DA:36,0
DA:37,0
DA:38,0
DA:39,0
DA:40,0
DA:41,0
DA:42,0
DA:44,0
DA:45,0
DA:48,0
DA:49,0
LF:21
LH:0
BRDA:11,0,0,0
BRDA:12,1,0,0
BRDA:12,1,1,0
BRDA:28,2,0,0
BRDA:28,2,1,0
BRDA:32,3,0,0
BRDA:32,3,1,0
BRDA:41,4,0,0
BRDA:41,4,1,0
BRDA:45,5,0,0
BRDA:45,5,1,0
BRF:11
BRH:0
end_of_record
TN:
SF:src/application/accounting/GuideToProvisionService.js
FN:41,pickEventType
FN:51,generateProvisionsFromGuide
FN:75,(anonymous_2)
FN:76,(anonymous_3)
FN:94,(anonymous_4)
FN:110,run
FN:168,(anonymous_6)
FN:169,(anonymous_7)
FN:212,(anonymous_8)
FNF:9
FNH:0
FNDA:0,pickEventType
FNDA:0,generateProvisionsFromGuide
FNDA:0,(anonymous_2)
FNDA:0,(anonymous_3)
FNDA:0,(anonymous_4)
FNDA:0,run
FNDA:0,(anonymous_6)
FNDA:0,(anonymous_7)
FNDA:0,(anonymous_8)
DA:14,0
DA:24,0
DA:32,0
DA:42,0
DA:43,0
DA:52,0
DA:53,0
DA:54,0
DA:55,0
DA:56,0
DA:57,0
DA:61,0
DA:62,0
DA:65,0
DA:68,0
DA:69,0
DA:71,0
DA:73,0
DA:75,0
DA:76,0
DA:89,0
DA:94,0
DA:95,0
DA:96,0
DA:97,0
DA:98,0
DA:101,0
DA:102,0
DA:105,0
DA:106,0
DA:107,0
DA:111,0
DA:112,0
DA:113,0
DA:114,0
DA:119,0
DA:123,0
DA:124,0
DA:127,0
DA:132,0
DA:133,0
DA:158,0
DA:159,0
DA:163,0
DA:164,0
DA:165,0
DA:168,0
DA:169,0
DA:170,0
DA:171,0
DA:173,0
DA:175,0
DA:176,0
DA:178,0
DA:179,0
DA:185,0
DA:197,0
DA:200,0
DA:201,0
DA:206,0
DA:209,0
DA:212,0
DA:213,0
LF:63
LH:0
BRDA:42,0,0,0
BRDA:42,0,1,0
BRDA:42,1,0,0
BRDA:42,1,1,0
BRDA:43,2,0,0
BRDA:43,2,1,0
BRDA:51,3,0,0
BRDA:52,4,0,0
BRDA:52,4,1,0
BRDA:54,5,0,0
BRDA:54,5,1,0
BRDA:55,6,0,0
BRDA:55,6,1,0
BRDA:56,7,0,0
BRDA:56,7,1,0
BRDA:57,8,0,0
BRDA:57,8,1,0
BRDA:61,9,0,0
BRDA:61,9,1,0
BRDA:65,10,0,0
BRDA:65,10,1,0
BRDA:68,11,0,0
BRDA:68,11,1,0
BRDA:69,12,0,0
BRDA:69,12,1,0
BRDA:71,13,0,0
BRDA:71,13,1,0
BRDA:73,14,0,0
BRDA:73,14,1,0
BRDA:79,15,0,0
BRDA:79,15,1,0
BRDA:80,16,0,0
BRDA:80,16,1,0
BRDA:82,17,0,0
BRDA:82,17,1,0
BRDA:89,18,0,0
BRDA:89,18,1,0
BRDA:95,19,0,0
BRDA:95,19,1,0
BRDA:97,20,0,0
BRDA:97,20,1,0
BRDA:105,21,0,0
BRDA:105,21,1,0
BRDA:106,22,0,0
BRDA:106,22,1,0
BRDA:106,23,0,0
BRDA:106,23,1,0
BRDA:113,24,0,0
BRDA:113,24,1,0
BRDA:114,25,0,0
BRDA:114,25,1,0
BRDA:123,26,0,0
BRDA:123,26,1,0
BRDA:124,27,0,0
BRDA:124,27,1,0
BRDA:132,28,0,0
BRDA:132,28,1,0
BRDA:146,29,0,0
BRDA:146,29,1,0
BRDA:163,30,0,0
BRDA:163,30,1,0
BRDA:170,31,0,0
BRDA:170,31,1,0
BRDA:173,32,0,0
BRDA:173,32,1,0
BRDA:175,33,0,0
BRDA:175,33,1,0
BRDA:175,34,0,0
BRDA:175,34,1,0
BRDA:176,35,0,0
BRDA:176,35,1,0
BRDA:176,36,0,0
BRDA:176,36,1,0
BRDA:194,37,0,0
BRDA:194,37,1,0
BRDA:200,38,0,0
BRDA:200,38,1,0
BRDA:200,39,0,0
BRDA:200,39,1,0
BRDA:212,40,0,0
BRDA:212,40,1,0
BRF:81
BRH:0
end_of_record
TN:
SF:src/application/accounting/ParcelamentoSeeds.js
FN:125,seedParcelamentoFunctions
FN:144,(anonymous_1)
FN:152,(anonymous_2)
FN:158,(anonymous_3)
FN:179,(anonymous_4)
FN:185,(anonymous_5)
FNF:6
FNH:0
FNDA:0,seedParcelamentoFunctions
FNDA:0,(anonymous_1)
FNDA:0,(anonymous_2)
FNDA:0,(anonymous_3)
FNDA:0,(anonymous_4)
FNDA:0,(anonymous_5)
DA:7,0
DA:126,0
DA:127,0
DA:128,0
DA:129,0
DA:131,0
DA:132,0
DA:134,0
DA:142,0
DA:144,0
DA:145,0
DA:146,0
DA:152,0
DA:158,0
DA:169,0
DA:171,0
DA:179,0
DA:185,0
DA:195,0
DA:198,0
DA:199,0
DA:203,0
DA:204,0
LF:23
LH:0
BRDA:125,0,0,0
BRDA:126,1,0,0
BRDA:126,1,1,0
BRDA:142,2,0,0
BRDA:142,2,1,0
BRDA:156,3,0,0
BRDA:156,3,1,0
BRDA:159,4,0,0
BRDA:159,4,1,0
BRDA:183,5,0,0
BRDA:183,5,1,0
BRDA:186,6,0,0
BRDA:186,6,1,0
BRDA:199,7,0,0
BRDA:199,7,1,0
BRF:15
BRH:0
end_of_record
TN:
SF:src/application/accounting/ParcelamentoService.js
FN:14,addMonths
FN:22,buildDateOfMonth
FN:31,buildContext
FN:51,createParcelamento
FN:78,(anonymous_4)
FN:128,(anonymous_5)
FN:134,(anonymous_6)
FN:135,(anonymous_7)
FN:191,(anonymous_8)
FN:194,(anonymous_9)
FN:253,linkGuideToParcela
FN:266,(anonymous_11)
FN:286,(anonymous_12)
FN:300,confirmParcelaPayment
FN:329,(anonymous_14)
FN:341,(anonymous_15)
FN:398,rescindirParcelamento
FN:412,(anonymous_17)
FN:427,(anonymous_18)
FN:432,(anonymous_19)
FN:433,(anonymous_20)
FN:439,(anonymous_21)
FN:473,listParcelamentos
FN:494,getParcelamento
FNF:24
FNH:0
FNDA:0,addMonths
FNDA:0,buildDateOfMonth
FNDA:0,buildContext
FNDA:0,createParcelamento
FNDA:0,(anonymous_4)
FNDA:0,(anonymous_5)
FNDA:0,(anonymous_6)
FNDA:0,(anonymous_7)
FNDA:0,(anonymous_8)
FNDA:0,(anonymous_9)
FNDA:0,linkGuideToParcela
FNDA:0,(anonymous_11)
FNDA:0,(anonymous_12)
FNDA:0,confirmParcelaPayment
FNDA:0,(anonymous_14)
FNDA:0,(anonymous_15)
FNDA:0,rescindirParcelamento
FNDA:0,(anonymous_17)
FNDA:0,(anonymous_18)
FNDA:0,(anonymous_19)
FNDA:0,(anonymous_20)
FNDA:0,(anonymous_21)
FNDA:0,listParcelamentos
FNDA:0,getParcelamento
DA:16,0
DA:17,0
DA:18,0
DA:19,0
DA:23,0
DA:24,0
DA:26,0
DA:27,0
DA:28,0
DA:32,0
DA:60,0
DA:61,0
DA:62,0
DA:63,0
DA:64,0
DA:65,0
DA:66,0
DA:67,0
DA:69,0
DA:72,0
DA:74,0
DA:78,0
DA:79,0
DA:83,0
DA:86,0
DA:106,0
DA:107,0
DA:108,0
DA:112,0
DA:113,0
DA:114,0
DA:120,0
DA:121,0
DA:128,0
DA:130,0
DA:131,0
DA:134,0
DA:135,0
DA:136,0
DA:138,0
DA:141,0
DA:161,0
DA:169,0
DA:176,0
DA:177,0
DA:178,0
DA:179,0
DA:182,0
DA:183,0
DA:190,0
DA:191,0
DA:192,0
DA:193,0
DA:194,0
DA:202,0
DA:203,0
DA:204,0
DA:225,0
DA:226,0
DA:232,0
DA:254,0
DA:257,0
DA:258,0
DA:259,0
DA:261,0
DA:264,0
DA:266,0
DA:268,0
DA:276,0
DA:284,0
DA:285,0
DA:286,0
DA:290,0
DA:304,0
DA:312,0
DA:313,0
DA:314,0
DA:315,0
DA:316,0
DA:317,0
DA:319,0
DA:320,0
DA:321,0
DA:322,0
DA:329,0
DA:330,0
DA:332,0
DA:334,0
DA:335,0
DA:338,0
DA:340,0
DA:341,0
DA:348,0
DA:366,0
DA:370,0
DA:376,0
DA:383,0
DA:384,0
DA:390,0
DA:399,0
DA:407,0
DA:408,0
DA:409,0
DA:412,0
DA:413,0
DA:414,0
DA:417,0
DA:419,0
DA:420,0
DA:426,0
DA:427,0
DA:429,0
DA:430,0
DA:432,0
DA:433,0
DA:434,0
DA:436,0
DA:439,0
DA:440,0
DA:458,0
DA:466,0
DA:474,0
DA:495,0
LF:123
LH:0
BRDA:17,0,0,0
BRDA:17,0,1,0
BRDA:17,1,0,0
BRDA:17,1,1,0
BRDA:24,2,0,0
BRDA:24,2,1,0
BRDA:24,3,0,0
BRDA:24,3,1,0
BRDA:27,4,0,0
BRDA:27,4,1,0
BRDA:35,5,0,0
BRDA:35,5,1,0
BRDA:36,6,0,0
BRDA:36,6,1,0
BRDA:37,7,0,0
BRDA:37,7,1,0
BRDA:38,8,0,0
BRDA:38,8,1,0
BRDA:39,9,0,0
BRDA:39,9,1,0
BRDA:40,10,0,0
BRDA:40,10,1,0
BRDA:40,11,0,0
BRDA:40,11,1,0
BRDA:40,11,2,0
BRDA:43,12,0,0
BRDA:43,12,1,0
BRDA:54,13,0,0
BRDA:56,14,0,0
BRDA:60,15,0,0
BRDA:60,15,1,0
BRDA:61,16,0,0
BRDA:61,16,1,0
BRDA:62,17,0,0
BRDA:62,17,1,0
BRDA:63,18,0,0
BRDA:63,18,1,0
BRDA:63,19,0,0
BRDA:63,19,1,0
BRDA:65,20,0,0
BRDA:65,20,1,0
BRDA:67,21,0,0
BRDA:67,21,1,0
BRDA:67,22,0,0
BRDA:67,22,1,0
BRDA:69,23,0,0
BRDA:69,23,1,0
BRDA:72,24,0,0
BRDA:72,24,1,0
BRDA:74,25,0,0
BRDA:74,25,1,0
BRDA:83,26,0,0
BRDA:83,26,1,0
BRDA:89,27,0,0
BRDA:89,27,1,0
BRDA:90,28,0,0
BRDA:90,28,1,0
BRDA:91,29,0,0
BRDA:91,29,1,0
BRDA:97,30,0,0
BRDA:97,30,1,0
BRDA:100,31,0,0
BRDA:100,31,1,0
BRDA:101,32,0,0
BRDA:101,32,1,0
BRDA:107,33,0,0
BRDA:107,33,1,0
BRDA:107,34,0,0
BRDA:107,34,1,0
BRDA:112,35,0,0
BRDA:112,35,1,0
BRDA:121,36,0,0
BRDA:121,36,1,0
BRDA:130,37,0,0
BRDA:130,37,1,0
BRDA:136,38,0,0
BRDA:136,38,1,0
BRDA:138,39,0,0
BRDA:138,39,1,0
BRDA:138,40,0,0
BRDA:138,40,1,0
BRDA:150,41,0,0
BRDA:150,41,1,0
BRDA:155,42,0,0
BRDA:155,42,1,0
BRDA:169,43,0,0
BRDA:169,43,1,0
BRDA:190,44,0,0
BRDA:190,44,1,0
BRDA:191,45,0,0
BRDA:191,45,1,0
BRDA:191,46,0,0
BRDA:191,46,1,0
BRDA:195,47,0,0
BRDA:195,47,1,0
BRDA:203,48,0,0
BRDA:203,48,1,0
BRDA:218,49,0,0
BRDA:218,49,1,0
BRDA:225,50,0,0
BRDA:225,50,1,0
BRDA:225,51,0,0
BRDA:225,51,1,0
BRDA:257,52,0,0
BRDA:257,52,1,0
BRDA:258,53,0,0
BRDA:258,53,1,0
BRDA:258,54,0,0
BRDA:258,54,1,0
BRDA:264,55,0,0
BRDA:264,55,1,0
BRDA:284,56,0,0
BRDA:284,56,1,0
BRDA:302,57,0,0
BRDA:312,58,0,0
BRDA:312,58,1,0
BRDA:313,59,0,0
BRDA:313,59,1,0
BRDA:315,60,0,0
BRDA:315,60,1,0
BRDA:316,61,0,0
BRDA:316,61,1,0
BRDA:317,62,0,0
BRDA:317,62,1,0
BRDA:320,63,0,0
BRDA:320,63,1,0
BRDA:321,64,0,0
BRDA:321,64,1,0
BRDA:335,65,0,0
BRDA:335,65,1,0
BRDA:338,66,0,0
BRDA:338,66,1,0
BRDA:338,67,0,0
BRDA:338,67,1,0
BRDA:342,68,0,0
BRDA:342,68,1,0
BRDA:357,69,0,0
BRDA:357,69,1,0
BRDA:383,70,0,0
BRDA:383,70,1,0
BRDA:407,71,0,0
BRDA:407,71,1,0
BRDA:408,72,0,0
BRDA:408,72,1,0
BRDA:409,73,0,0
BRDA:409,73,1,0
BRDA:412,74,0,0
BRDA:412,74,1,0
BRDA:414,75,0,0
BRDA:414,75,1,0
BRDA:414,76,0,0
BRDA:414,76,1,0
BRDA:429,77,0,0
BRDA:429,77,1,0
BRDA:434,78,0,0
BRDA:434,78,1,0
BRDA:436,79,0,0
BRDA:436,79,1,0
BRDA:436,80,0,0
BRDA:436,80,1,0
BRDA:445,81,0,0
BRDA:445,81,1,0
BRDA:449,82,0,0
BRDA:449,82,1,0
BRDA:462,83,0,0
BRDA:462,83,1,0
BRDA:475,84,0,0
BRDA:475,84,1,0
BRF:168
BRH:0
end_of_record
TN:
SF:src/application/accounting/chartOfAccountsImport.js
FN:11,tipoFromContaPdf
FN:20,tipoFromCodigoPadrao
FN:32,naturezaFromTipo
FN:36,parsePdfBuffer
FN:39,(anonymous_4)
FN:62,detectSeparator
FN:75,splitCols
FN:76,(anonymous_7)
FN:79,parseCsvBuffer
FN:85,(anonymous_9)
FN:91,isHeader
FN:97,detectFormat
FN:144,upsertAccount
FN:173,importChartOfAccountsFromBuffer
FNF:14
FNH:0
FNDA:0,tipoFromContaPdf
FNDA:0,tipoFromCodigoPadrao
FNDA:0,naturezaFromTipo
FNDA:0,parsePdfBuffer
FNDA:0,(anonymous_4)
FNDA:0,detectSeparator
FNDA:0,splitCols
FNDA:0,(anonymous_7)
FNDA:0,parseCsvBuffer
FNDA:0,(anonymous_9)
FNDA:0,isHeader
FNDA:0,detectFormat
FNDA:0,upsertAccount
FNDA:0,importChartOfAccountsFromBuffer
DA:12,0
DA:13,0
DA:14,0
DA:15,0
DA:16,0
DA:17,0
DA:21,0
DA:22,0
DA:23,0
DA:24,0
DA:25,0
DA:27,0
DA:28,0
DA:29,0
DA:33,0
DA:37,0
DA:38,0
DA:39,0
DA:40,0
DA:41,0
DA:42,0
DA:43,0
DA:44,0
DA:45,0
DA:46,0
DA:47,0
DA:49,0
DA:50,0
DA:51,0
DA:52,0
DA:53,0
DA:54,0
DA:55,0
DA:59,0
DA:64,0
DA:65,0
DA:66,0
DA:68,0
DA:69,0
DA:70,0
DA:72,0
DA:76,0
DA:81,0
DA:82,0
DA:84,0
DA:85,0
DA:86,0
DA:89,0
DA:92,0
DA:93,0
DA:94,0
DA:98,0
DA:99,0
DA:100,0
DA:101,0
DA:103,0
DA:105,0
DA:106,0
DA:108,0
DA:111,0
DA:112,0
DA:113,0
DA:114,0
DA:115,0
DA:116,0
DA:119,0
DA:120,0
DA:121,0
DA:122,0
DA:123,0
DA:124,0
DA:125,0
DA:126,0
DA:128,0
DA:129,0
DA:130,0
DA:131,0
DA:133,0
DA:134,0
DA:135,0
DA:138,0
DA:139,0
DA:141,0
DA:149,0
DA:150,0
DA:153,0
DA:154,0
DA:159,0
DA:174,0
DA:175,0
DA:178,0
DA:179,0
DA:180,0
DA:181,0
DA:182,0
DA:183,0
DA:185,0
DA:187,0
DA:188,0
DA:195,0
DA:197,0
DA:198,0
DA:201,0
DA:202,0
DA:203,0
DA:204,0
DA:205,0
DA:206,0
DA:207,0
DA:210,0
DA:211,0
DA:215,0
DA:218,0
DA:224,0
LF:114
LH:0
BRDA:12,0,0,0
BRDA:12,0,1,0
BRDA:13,1,0,0
BRDA:13,1,1,0
BRDA:14,2,0,0
BRDA:14,2,1,0
BRDA:15,3,0,0
BRDA:15,3,1,0
BRDA:16,4,0,0
BRDA:16,4,1,0
BRDA:21,5,0,0
BRDA:21,5,1,0
BRDA:22,6,0,0
BRDA:22,6,1,0
BRDA:23,7,0,0
BRDA:23,7,1,0
BRDA:24,8,0,0
BRDA:24,8,1,0
BRDA:27,9,0,0
BRDA:27,9,1,0
BRDA:28,10,0,0
BRDA:28,10,1,0
BRDA:28,11,0,0
BRDA:28,11,1,0
BRDA:33,12,0,0
BRDA:33,12,1,0
BRDA:43,13,0,0
BRDA:43,13,1,0
BRDA:50,14,0,0
BRDA:50,14,1,0
BRDA:53,15,0,0
BRDA:53,15,1,0
BRDA:66,16,0,0
BRDA:66,16,1,0
BRDA:70,17,0,0
BRDA:70,17,1,0
BRDA:72,18,0,0
BRDA:72,18,1,0
BRDA:82,19,0,0
BRDA:82,19,1,0
BRDA:84,20,0,0
BRDA:84,20,1,0
BRDA:86,21,0,0
BRDA:86,21,1,0
BRDA:92,22,0,0
BRDA:92,22,1,0
BRDA:94,23,0,0
BRDA:94,23,1,0
BRDA:94,23,2,0
BRDA:100,24,0,0
BRDA:100,24,1,0
BRDA:101,25,0,0
BRDA:101,25,1,0
BRDA:103,26,0,0
BRDA:103,26,1,0
BRDA:103,27,0,0
BRDA:103,27,1,0
BRDA:105,28,0,0
BRDA:105,28,1,0
BRDA:115,29,0,0
BRDA:115,29,1,0
BRDA:116,30,0,0
BRDA:116,30,1,0
BRDA:119,31,0,0
BRDA:119,31,1,0
BRDA:121,32,0,0
BRDA:121,32,1,0
BRDA:121,33,0,0
BRDA:121,33,1,0
BRDA:121,33,2,0
BRDA:122,34,0,0
BRDA:122,34,1,0
BRDA:128,35,0,0
BRDA:128,36,0,0
BRDA:129,37,0,0
BRDA:129,37,1,0
BRDA:129,38,0,0
BRDA:129,38,1,0
BRDA:133,39,0,0
BRDA:133,39,1,0
BRDA:138,40,0,0
BRDA:138,40,1,0
BRDA:138,41,0,0
BRDA:138,41,1,0
BRDA:144,42,0,0
BRDA:151,43,0,0
BRDA:151,43,1,0
BRDA:153,44,0,0
BRDA:153,44,1,0
BRDA:160,45,0,0
BRDA:160,45,1,0
BRDA:174,46,0,0
BRDA:174,46,1,0
BRDA:175,47,0,0
BRDA:175,47,1,0
BRDA:178,48,0,0
BRDA:178,48,1,0
BRDA:182,49,0,0
BRDA:182,49,1,0
BRDA:187,50,0,0
BRDA:187,50,1,0
BRDA:195,51,0,0
BRDA:195,51,1,0
BRDA:198,52,0,0
BRDA:198,52,1,0
BRDA:210,53,0,0
BRDA:210,53,1,0
BRDA:215,54,0,0
BRDA:215,54,1,0
BRDA:219,55,0,0
BRDA:219,55,1,0
BRF:111
BRH:0
end_of_record
TN:
SF:src/application/accounting/excelImport.js
FN:10,normalizeMatchText
FN:19,detectColumns
FN:22,(anonymous_2)
FN:23,(anonymous_3)
FN:23,(anonymous_4)
FN:34,parseDateCell
FN:55,parseValorCell
FN:79,parseExcelBuffer
FN:113,findHistoricoMatches
FN:133,(anonymous_9)
FN:139,buildMatch
FN:152,(anonymous_11)
FN:171,upsertHistoricoFromImport
FNF:13
FNH:0
FNDA:0,normalizeMatchText
FNDA:0,detectColumns
FNDA:0,(anonymous_2)
FNDA:0,(anonymous_3)
FNDA:0,(anonymous_4)
FNDA:0,parseDateCell
FNDA:0,parseValorCell
FNDA:0,parseExcelBuffer
FNDA:0,findHistoricoMatches
FNDA:0,(anonymous_9)
FNDA:0,buildMatch
FNDA:0,(anonymous_11)
FNDA:0,upsertHistoricoFromImport
DA:4,0
DA:11,0
DA:22,0
DA:23,0
DA:24,0
DA:25,0
DA:26,0
DA:27,0
DA:28,0
DA:31,0
DA:35,0
DA:36,0
DA:38,0
DA:39,0
DA:40,0
DA:43,0
DA:44,0
DA:45,0
DA:46,0
DA:47,0
DA:48,0
DA:49,0
DA:51,0
DA:52,0
DA:56,0
DA:57,0
DA:58,0
DA:59,0
DA:61,0
DA:62,0
DA:64,0
DA:65,0
DA:66,0
DA:67,0
DA:69,0
DA:72,0
DA:73,0
DA:74,0
DA:77,0
DA:81,0
DA:82,0
DA:83,0
DA:84,0
DA:86,0
DA:87,0
DA:88,0
DA:89,0
DA:90,0
DA:91,0
DA:94,0
DA:95,0
DA:97,0
DA:98,0
DA:99,0
DA:100,0
DA:101,0
DA:102,0
DA:103,0
DA:104,0
DA:106,0
DA:107,0
DA:110,0
DA:115,0
DA:133,0
DA:134,0
DA:135,0
DA:136,0
DA:140,0
DA:152,0
DA:153,0
DA:154,0
DA:156,0
DA:157,0
DA:159,0
DA:160,0
DA:161,0
DA:162,0
DA:163,0
DA:166,0
DA:167,0
DA:179,0
DA:180,0
DA:181,0
DA:182,0
DA:183,0
DA:184,0
DA:187,0
DA:188,0
DA:199,0
LF:89
LH:0
BRDA:11,0,0,0
BRDA:11,0,1,0
BRDA:22,1,0,0
BRDA:22,1,1,0
BRDA:27,2,0,0
BRDA:27,2,1,0
BRDA:27,3,0,0
BRDA:27,3,1,0
BRDA:27,3,2,0
BRDA:35,4,0,0
BRDA:35,4,1,0
BRDA:35,5,0,0
BRDA:35,5,1,0
BRDA:36,6,0,0
BRDA:36,6,1,0
BRDA:38,7,0,0
BRDA:38,7,1,0
BRDA:38,8,0,0
BRDA:38,8,1,0
BRDA:40,9,0,0
BRDA:40,9,1,0
BRDA:40,10,0,0
BRDA:40,10,1,0
BRDA:40,11,0,0
BRDA:40,11,1,0
BRDA:45,12,0,0
BRDA:45,12,1,0
BRDA:47,13,0,0
BRDA:47,13,1,0
BRDA:48,14,0,0
BRDA:48,14,1,0
BRDA:52,15,0,0
BRDA:52,15,1,0
BRDA:56,16,0,0
BRDA:56,16,1,0
BRDA:56,17,0,0
BRDA:56,17,1,0
BRDA:57,18,0,0
BRDA:57,18,1,0
BRDA:57,19,0,0
BRDA:57,19,1,0
BRDA:59,20,0,0
BRDA:59,20,1,0
BRDA:64,21,0,0
BRDA:64,21,1,0
BRDA:64,22,0,0
BRDA:64,22,1,0
BRDA:66,23,0,0
BRDA:66,23,1,0
BRDA:74,24,0,0
BRDA:74,24,1,0
BRDA:83,25,0,0
BRDA:83,25,1,0
BRDA:87,26,0,0
BRDA:87,26,1,0
BRDA:88,27,0,0
BRDA:88,27,1,0
BRDA:95,28,0,0
BRDA:95,28,1,0
BRDA:100,29,0,0
BRDA:100,29,1,0
BRDA:100,30,0,0
BRDA:100,30,1,0
BRDA:102,31,0,0
BRDA:102,31,1,0
BRDA:104,32,0,0
BRDA:104,32,1,0
BRDA:106,33,0,0
BRDA:106,33,1,0
BRDA:106,34,0,0
BRDA:106,34,1,0
BRDA:106,34,2,0
BRDA:106,34,3,0
BRDA:136,35,0,0
BRDA:136,35,1,0
BRDA:136,36,0,0
BRDA:136,36,1,0
BRDA:143,37,0,0
BRDA:143,37,1,0
BRDA:147,38,0,0
BRDA:147,38,1,0
BRDA:154,39,0,0
BRDA:154,39,1,0
BRDA:157,40,0,0
BRDA:157,40,1,0
BRDA:161,41,0,0
BRDA:161,41,1,0
BRDA:162,42,0,0
BRDA:162,42,1,0
BRDA:162,43,0,0
BRDA:162,43,1,0
BRDA:163,44,0,0
BRDA:163,44,1,0
BRDA:163,45,0,0
BRDA:163,45,1,0
BRDA:163,46,0,0
BRDA:163,46,1,0
BRDA:163,47,0,0
BRDA:163,47,1,0
BRDA:166,48,0,0
BRDA:166,48,1,0
BRDA:179,49,0,0
BRDA:179,49,1,0
BRDA:179,50,0,0
BRDA:179,50,1,0
BRDA:181,51,0,0
BRDA:181,51,1,0
BRDA:182,52,0,0
BRDA:182,52,1,0
BRDA:182,53,0,0
BRDA:182,53,1,0
BRDA:187,54,0,0
BRDA:187,54,1,0
BRDA:191,55,0,0
BRDA:191,55,1,0
BRDA:192,56,0,0
BRDA:192,56,1,0
BRDA:193,57,0,0
BRDA:193,57,1,0
BRDA:204,58,0,0
BRDA:204,58,1,0
BRDA:205,59,0,0
BRDA:205,59,1,0
BRF:123
BRH:0
end_of_record
TN:
SF:src/application/accounting/payrollTemplate.js
FN:60,applyHistoricoTemplate
FN:67,normalizeText
FN:76,findAccountByHints
FN:77,(anonymous_3)
FN:81,(anonymous_4)
FN:86,(anonymous_5)
FN:91,(anonymous_6)
FN:96,(anonymous_7)
FN:102,resolvePayrollTemplate
FN:127,(anonymous_9)
FN:143,(anonymous_10)
FNF:11
FNH:0
FNDA:0,applyHistoricoTemplate
FNDA:0,normalizeText
FNDA:0,findAccountByHints
FNDA:0,(anonymous_3)
FNDA:0,(anonymous_4)
FNDA:0,(anonymous_5)
FNDA:0,(anonymous_6)
FNDA:0,(anonymous_7)
FNDA:0,resolvePayrollTemplate
FNDA:0,(anonymous_9)
FNDA:0,(anonymous_10)
DA:8,0
DA:62,0
DA:63,0
DA:64,0
DA:68,0
DA:77,0
DA:81,0
DA:82,0
DA:85,0
DA:86,0
DA:87,0
DA:90,0
DA:91,0
DA:92,0
DA:95,0
DA:96,0
DA:97,0
DA:99,0
DA:103,0
DA:104,0
DA:105,0
DA:106,0
DA:107,0
DA:113,0
DA:118,0
DA:119,0
DA:120,0
DA:121,0
DA:122,0
DA:125,0
DA:127,0
DA:128,0
DA:129,0
DA:141,0
DA:142,0
DA:143,0
DA:144,0
DA:145,0
DA:155,0
DA:166,0
LF:40
LH:0
BRDA:62,0,0,0
BRDA:62,0,1,0
BRDA:63,1,0,0
BRDA:63,1,1,0
BRDA:63,2,0,0
BRDA:63,2,1,0
BRDA:64,3,0,0
BRDA:64,3,1,0
BRDA:68,4,0,0
BRDA:68,4,1,0
BRDA:82,5,0,0
BRDA:82,5,1,0
BRDA:87,6,0,0
BRDA:87,6,1,0
BRDA:92,7,0,0
BRDA:92,7,1,0
BRDA:97,8,0,0
BRDA:97,8,1,0
BRDA:103,9,0,0
BRDA:103,9,1,0
BRDA:104,10,0,0
BRDA:104,10,1,0
BRDA:121,11,0,0
BRDA:121,11,1,0
BRDA:121,12,0,0
BRDA:121,12,1,0
BRDA:121,12,2,0
BRDA:133,13,0,0
BRDA:133,13,1,0
BRDA:134,14,0,0
BRDA:134,14,1,0
BRDA:136,15,0,0
BRDA:136,15,1,0
BRDA:142,16,0,0
BRDA:142,16,1,0
BRDA:144,17,0,0
BRDA:144,17,1,0
BRDA:146,18,0,0
BRDA:146,18,1,0
BRDA:147,19,0,0
BRDA:147,19,1,0
BRDA:148,20,0,0
BRDA:148,20,1,0
BRDA:149,21,0,0
BRDA:149,21,1,0
BRDA:150,22,0,0
BRDA:150,22,1,0
BRDA:173,23,0,0
BRDA:173,23,1,0
BRDA:176,24,0,0
BRDA:176,24,1,0
BRDA:177,25,0,0
BRDA:177,25,1,0
BRF:53
BRH:0
end_of_record
TN:
SF:src/application/auth/AuthService.js
FN:12,normalizeExpiresIn
FN:18,normalizeRefreshExpiresIn
FN:24,sanitizeUser
FN:42,(anonymous_3)
FN:46,(anonymous_4)
FN:71,(anonymous_5)
FN:103,(anonymous_6)
FN:129,(anonymous_7)
FN:145,(anonymous_8)
FN:163,(anonymous_9)
FN:182,(anonymous_10)
FN:188,(anonymous_11)
FN:204,(anonymous_12)
FN:210,(anonymous_13)
FN:217,(anonymous_14)
FN:227,(anonymous_15)
FN:239,(anonymous_16)
FNF:17
FNH:0
FNDA:0,normalizeExpiresIn
FNDA:0,normalizeRefreshExpiresIn
FNDA:0,sanitizeUser
FNDA:0,(anonymous_3)
FNDA:0,(anonymous_4)
FNDA:0,(anonymous_5)
FNDA:0,(anonymous_6)
FNDA:0,(anonymous_7)
FNDA:0,(anonymous_8)
FNDA:0,(anonymous_9)
FNDA:0,(anonymous_10)
FNDA:0,(anonymous_11)
FNDA:0,(anonymous_12)
FNDA:0,(anonymous_13)
FNDA:0,(anonymous_14)
FNDA:0,(anonymous_15)
FNDA:0,(anonymous_16)
DA:13,0
DA:14,0
DA:15,0
DA:19,0
DA:20,0
DA:21,0
DA:25,0
DA:26,0
DA:28,0
DA:29,0
DA:43,0
DA:47,0
DA:48,0
DA:50,0
DA:51,0
DA:54,0
DA:55,0
DA:56,0
DA:57,0
DA:58,0
DA:59,0
DA:61,0
DA:62,0
DA:64,0
DA:70,0
DA:72,0
DA:75,0
DA:76,0
DA:77,0
DA:78,0
DA:79,0
DA:80,0
DA:81,0
DA:82,0
DA:85,0
DA:87,0
DA:100,0
DA:104,0
DA:105,0
DA:107,0
DA:108,0
DA:110,0
DA:111,0
DA:112,0
DA:113,0
DA:114,0
DA:115,0
DA:130,0
DA:131,0
DA:133,0
DA:141,0
DA:142,0
DA:146,0
DA:147,0
DA:149,0
DA:159,0
DA:160,0
DA:164,0
DA:165,0
DA:167,0
DA:178,0
DA:179,0
DA:183,0
DA:184,0
DA:185,0
DA:189,0
DA:190,0
DA:192,0
DA:200,0
DA:201,0
DA:205,0
DA:206,0
DA:207,0
DA:211,0
DA:212,0
DA:214,0
DA:218,0
DA:219,0
DA:220,0
DA:221,0
DA:222,0
DA:224,0
DA:228,0
DA:229,0
DA:230,0
DA:231,0
DA:232,0
DA:233,0
DA:234,0
DA:235,0
DA:236,0
DA:240,0
DA:241,0
DA:242,0
DA:243,0
DA:244,0
DA:245,0
DA:256,0
DA:257,0
DA:271,0
DA:272,0
DA:273,0
DA:274,0
LF:103
LH:0
BRDA:13,0,0,0
BRDA:13,0,1,0
BRDA:14,1,0,0
BRDA:14,1,1,0
BRDA:19,2,0,0
BRDA:19,2,1,0
BRDA:20,3,0,0
BRDA:20,3,1,0
BRDA:24,4,0,0
BRDA:25,5,0,0
BRDA:25,5,1,0
BRDA:26,6,0,0
BRDA:26,6,1,0
BRDA:28,7,0,0
BRDA:28,7,1,0
BRDA:28,8,0,0
BRDA:28,8,1,0
BRDA:32,9,0,0
BRDA:32,9,1,0
BRDA:34,10,0,0
BRDA:34,10,1,0
BRDA:35,11,0,0
BRDA:35,11,1,0
BRDA:36,12,0,0
BRDA:36,12,1,0
BRDA:47,13,0,0
BRDA:47,13,1,0
BRDA:50,14,0,0
BRDA:50,14,1,0
BRDA:50,15,0,0
BRDA:50,15,1,0
BRDA:56,16,0,0
BRDA:56,16,1,0
BRDA:58,17,0,0
BRDA:58,17,1,0
BRDA:61,18,0,0
BRDA:61,18,1,0
BRDA:72,19,0,0
BRDA:72,19,1,0
BRDA:75,20,0,0
BRDA:75,20,1,0
BRDA:77,21,0,0
BRDA:77,21,1,0
BRDA:79,22,0,0
BRDA:79,22,1,0
BRDA:80,23,0,0
BRDA:80,23,1,0
BRDA:81,24,0,0
BRDA:81,24,1,0
BRDA:93,25,0,0
BRDA:93,25,1,0
BRDA:104,26,0,0
BRDA:104,26,1,0
BRDA:107,27,0,0
BRDA:107,27,1,0
BRDA:107,28,0,0
BRDA:107,28,1,0
BRDA:112,29,0,0
BRDA:112,29,1,0
BRDA:114,30,0,0
BRDA:114,30,1,0
BRDA:130,31,0,0
BRDA:130,31,1,0
BRDA:136,32,0,0
BRDA:136,32,1,0
BRDA:138,33,0,0
BRDA:138,33,1,0
BRDA:139,34,0,0
BRDA:139,34,1,0
BRDA:146,35,0,0
BRDA:146,35,1,0
BRDA:153,36,0,0
BRDA:153,36,1,0
BRDA:154,37,0,0
BRDA:154,37,1,0
BRDA:155,38,0,0
BRDA:155,38,1,0
BRDA:156,39,0,0
BRDA:156,39,1,0
BRDA:164,40,0,0
BRDA:164,40,1,0
BRDA:171,41,0,0
BRDA:171,41,1,0
BRDA:172,42,0,0
BRDA:172,42,1,0
BRDA:173,43,0,0
BRDA:173,43,1,0
BRDA:174,44,0,0
BRDA:174,44,1,0
BRDA:189,45,0,0
BRDA:189,45,1,0
BRDA:196,46,0,0
BRDA:196,46,1,0
BRDA:197,47,0,0
BRDA:197,47,1,0
BRDA:211,48,0,0
BRDA:211,48,1,0
BRDA:219,49,0,0
BRDA:219,49,1,0
BRDA:230,50,0,0
BRDA:230,50,1,0
BRDA:231,51,0,0
BRDA:231,51,1,0
BRDA:232,52,0,0
BRDA:232,52,1,0
BRDA:233,53,0,0
BRDA:233,53,1,0
BRDA:234,54,0,0
BRDA:234,54,1,0
BRDA:235,55,0,0
BRDA:235,55,1,0
BRDA:240,56,0,0
BRDA:240,56,1,0
BRDA:241,57,0,0
BRDA:241,57,1,0
BRDA:242,58,0,0
BRDA:242,58,1,0
BRDA:244,59,0,0
BRDA:244,59,1,0
BRDA:256,60,0,0
BRDA:256,60,1,0
BRDA:259,61,0,0
BRDA:259,61,1,0
BRDA:260,62,0,0
BRDA:260,62,1,0
BRDA:260,62,2,0
BRDA:261,63,0,0
BRDA:261,63,1,0
BRDA:264,64,0,0
BRDA:264,64,1,0
BRDA:265,65,0,0
BRDA:265,65,1,0
BRDA:265,66,0,0
BRDA:265,66,1,0
BRDA:271,67,0,0
BRDA:271,67,1,0
BRDA:273,68,0,0
BRDA:273,68,1,0
BRDA:273,69,0,0
BRDA:273,69,1,0
BRF:140
BRH:0
end_of_record
TN:
SF:src/application/company/companyProfile.js
FN:4,onlyDigits
FN:8,asString
FN:13,normalizeOptionalNotificationEmail
FN:22,parseIsoDateOrNull
FN:29,normalizeRegimeTributario
FN:41,normalizeEndereco
FN:69,validateAndNormalizeCompanyProfile
FN:77,(anonymous_7)
FN:126,enderecoToSingleLine
FNF:9
FNH:0
FNDA:0,onlyDigits
FNDA:0,asString
FNDA:0,normalizeOptionalNotificationEmail
FNDA:0,parseIsoDateOrNull
FNDA:0,normalizeRegimeTributario
FNDA:0,normalizeEndereco
FNDA:0,validateAndNormalizeCompanyProfile
FNDA:0,(anonymous_7)
FNDA:0,enderecoToSingleLine
DA:1,0
DA:2,0
DA:5,0
DA:9,0
DA:10,0
DA:14,0
DA:15,0
DA:16,0
DA:17,0
DA:19,0
DA:23,0
DA:24,0
DA:25,0
DA:26,0
DA:30,0
DA:31,0
DA:38,0
DA:42,0
DA:43,0
DA:53,0
DA:54,0
DA:55,0
DA:56,0
DA:57,0
DA:58,0
DA:59,0
DA:60,0
DA:61,0
DA:63,0
DA:64,0
DA:66,0
DA:70,0
DA:71,0
DA:72,0
DA:73,0
DA:74,0
DA:75,0
DA:76,0
DA:77,0
DA:80,0
DA:81,0
DA:82,0
DA:83,0
DA:85,0
DA:87,0
DA:88,0
DA:90,0
DA:91,0
DA:92,0
DA:93,0
DA:94,0
DA:96,0
DA:97,0
DA:98,0
DA:100,0
DA:101,0
DA:102,0
DA:105,0
DA:106,0
DA:108,0
DA:127,0
DA:128,0
DA:136,0
LF:63
LH:0
BRDA:5,0,0,0
BRDA:5,0,1,0
BRDA:9,1,0,0
BRDA:9,1,1,0
BRDA:9,2,0,0
BRDA:9,2,1,0
BRDA:15,3,0,0
BRDA:15,3,1,0
BRDA:16,4,0,0
BRDA:16,4,1,0
BRDA:23,5,0,0
BRDA:23,5,1,0
BRDA:25,6,0,0
BRDA:25,6,1,0
BRDA:38,7,0,0
BRDA:38,7,1,0
BRDA:42,8,0,0
BRDA:42,8,1,0
BRDA:42,9,0,0
BRDA:42,9,1,0
BRDA:46,10,0,0
BRDA:46,10,1,0
BRDA:54,11,0,0
BRDA:54,11,1,0
BRDA:55,12,0,0
BRDA:55,12,1,0
BRDA:56,13,0,0
BRDA:56,13,1,0
BRDA:57,14,0,0
BRDA:57,14,1,0
BRDA:58,15,0,0
BRDA:58,15,1,0
BRDA:59,16,0,0
BRDA:59,16,1,0
BRDA:60,17,0,0
BRDA:60,17,1,0
BRDA:63,18,0,0
BRDA:63,18,1,0
BRDA:70,19,0,0
BRDA:70,19,1,0
BRDA:70,20,0,0
BRDA:70,20,1,0
BRDA:72,21,0,0
BRDA:72,21,1,0
BRDA:73,22,0,0
BRDA:73,22,1,0
BRDA:76,23,0,0
BRDA:76,23,1,0
BRDA:80,24,0,0
BRDA:80,24,1,0
BRDA:80,25,0,0
BRDA:80,25,1,0
BRDA:81,26,0,0
BRDA:81,26,1,0
BRDA:82,27,0,0
BRDA:82,27,1,0
BRDA:85,28,0,0
BRDA:85,28,1,0
BRDA:88,29,0,0
BRDA:88,29,1,0
BRDA:91,30,0,0
BRDA:91,30,1,0
BRDA:92,31,0,0
BRDA:92,31,1,0
BRDA:93,32,0,0
BRDA:93,32,1,0
BRDA:93,33,0,0
BRDA:93,33,1,0
BRDA:97,34,0,0
BRDA:97,34,1,0
BRDA:97,35,0,0
BRDA:97,35,1,0
BRDA:101,36,0,0
BRDA:101,36,1,0
BRDA:106,37,0,0
BRDA:106,37,1,0
BRDA:119,38,0,0
BRDA:119,38,1,0
BRDA:121,39,0,0
BRDA:121,39,1,0
BRDA:127,40,0,0
BRDA:127,40,1,0
BRF:82
BRH:0
end_of_record
TN:
SF:src/application/fiscal/FiscalManualRunService.js
FN:15,(anonymous_0)
FN:29,(anonymous_1)
FN:117,(anonymous_2)
FN:143,(anonymous_3)
FN:192,(anonymous_4)
FN:227,(anonymous_5)
FNF:6
FNH:0
FNDA:0,(anonymous_0)
FNDA:0,(anonymous_1)
FNDA:0,(anonymous_2)
FNDA:0,(anonymous_3)
FNDA:0,(anonymous_4)
FNDA:0,(anonymous_5)
DA:17,0
DA:18,0
DA:30,0
DA:31,0
DA:32,0
DA:33,0
DA:34,0
DA:37,0
DA:42,0
DA:43,0
DA:44,0
DA:45,0
DA:48,0
DA:49,0
DA:50,0
DA:51,0
DA:52,0
DA:55,0
DA:56,0
DA:66,0
DA:68,0
DA:70,0
DA:71,0
DA:73,0
DA:74,0
DA:76,0
DA:77,0
DA:80,0
DA:81,0
DA:100,0
DA:102,0
DA:112,0
DA:118,0
DA:127,0
DA:144,0
DA:149,0
DA:150,0
DA:162,0
DA:163,0
DA:164,0
DA:166,0
DA:167,0
DA:168,0
DA:169,0
DA:170,0
DA:173,0
DA:174,0
DA:179,0
DA:193,0
DA:200,0
DA:201,0
DA:213,0
DA:228,0
DA:229,0
DA:231,0
DA:246,0
DA:248,0
LF:57
LH:0
BRDA:15,0,0,0
BRDA:17,1,0,0
BRDA:17,1,1,0
BRDA:18,2,0,0
BRDA:18,2,1,0
BRDA:29,3,0,0
BRDA:31,4,0,0
BRDA:31,4,1,0
BRDA:42,5,0,0
BRDA:42,5,1,0
BRDA:48,6,0,0
BRDA:48,6,1,0
BRDA:49,7,0,0
BRDA:49,7,1,0
BRDA:62,8,0,0
BRDA:62,8,1,0
BRDA:68,9,0,0
BRDA:68,9,1,0
BRDA:68,9,2,0
BRDA:80,10,0,0
BRDA:80,10,1,0
BRDA:87,11,0,0
BRDA:87,11,1,0
BRDA:88,12,0,0
BRDA:88,12,1,0
BRDA:89,13,0,0
BRDA:89,13,1,0
BRDA:90,14,0,0
BRDA:90,14,1,0
BRDA:91,15,0,0
BRDA:91,15,1,0
BRDA:92,16,0,0
BRDA:92,16,1,0
BRDA:93,17,0,0
BRDA:93,17,1,0
BRDA:94,18,0,0
BRDA:94,18,1,0
BRDA:95,19,0,0
BRDA:95,19,1,0
BRDA:96,20,0,0
BRDA:96,20,1,0
BRDA:108,21,0,0
BRDA:108,21,1,0
BRDA:109,22,0,0
BRDA:109,22,1,0
BRDA:121,23,0,0
BRDA:121,23,1,0
BRDA:122,24,0,0
BRDA:122,24,1,0
BRDA:131,25,0,0
BRDA:131,25,1,0
BRDA:132,26,0,0
BRDA:132,26,1,0
BRDA:134,27,0,0
BRDA:134,27,1,0
BRDA:135,28,0,0
BRDA:135,28,1,0
BRDA:149,29,0,0
BRDA:149,29,1,0
BRDA:149,30,0,0
BRDA:149,30,1,0
BRDA:167,31,0,0
BRDA:167,31,1,0
BRDA:168,32,0,0
BRDA:168,32,1,0
BRDA:169,33,0,0
BRDA:169,33,1,0
BRDA:196,34,0,0
BRDA:196,34,1,0
BRDA:200,35,0,0
BRDA:200,35,1,0
BRDA:217,36,0,0
BRDA:217,36,1,0
BRDA:218,37,0,0
BRDA:218,37,1,0
BRDA:219,38,0,0
BRDA:219,38,1,0
BRDA:229,39,0,0
BRDA:229,39,1,0
BRDA:246,40,0,0
BRDA:246,40,1,0
BRF:81
BRH:0
end_of_record
TN:
SF:src/application/fiscal/serpro/CaptureSerproGuidesService.js
FN:16,getCompetenciaDueDate
FN:27,resolvePgdasdServiceId
FN:37,onlyDigits
FN:41,parseNestedJsonString
FN:52,searchValueDeep
FN:83,extractPdfBase64
FN:84,(anonymous_6)
FN:92,extractProviderMessages
FN:94,(anonymous_8)
FN:97,extractDateValue
FN:98,(anonymous_10)
FN:105,extractDocumentNumber
FN:106,(anonymous_12)
FN:113,parseMoneyValue
FN:131,extractAmount
FN:148,(anonymous_15)
FN:160,(anonymous_16)
FN:167,extractAmountByKeys
FN:168,(anonymous_18)
FN:170,(anonymous_19)
FN:175,parsePossibleDate
FN:185,parseBrMoney
FN:195,extractDasValueFromPdf
FN:230,buildPgdasGuidePayload
FN:234,(anonymous_24)
FN:242,(anonymous_25)
FN:250,(anonymous_26)
FN:293,buildGuideSourceFileId
FN:299,mapGuideLabels
FN:312,capturePgdasGuideForCompany
FNF:30
FNH:0
FNDA:0,getCompetenciaDueDate
FNDA:0,resolvePgdasdServiceId
FNDA:0,onlyDigits
FNDA:0,parseNestedJsonString
FNDA:0,searchValueDeep
FNDA:0,extractPdfBase64
FNDA:0,(anonymous_6)
FNDA:0,extractProviderMessages
FNDA:0,(anonymous_8)
FNDA:0,extractDateValue
FNDA:0,(anonymous_10)
FNDA:0,extractDocumentNumber
FNDA:0,(anonymous_12)
FNDA:0,parseMoneyValue
FNDA:0,extractAmount
FNDA:0,(anonymous_15)
FNDA:0,(anonymous_16)
FNDA:0,extractAmountByKeys
FNDA:0,(anonymous_18)
FNDA:0,(anonymous_19)
FNDA:0,parsePossibleDate
FNDA:0,parseBrMoney
FNDA:0,extractDasValueFromPdf
FNDA:0,buildPgdasGuidePayload
FNDA:0,(anonymous_24)
FNDA:0,(anonymous_25)
FNDA:0,(anonymous_26)
FNDA:0,buildGuideSourceFileId
FNDA:0,mapGuideLabels
FNDA:0,capturePgdasGuideForCompany
DA:17,0
DA:18,0
DA:19,0
DA:20,0
DA:21,0
DA:22,0
DA:23,0
DA:24,0
DA:28,0
DA:29,0
DA:30,0
DA:31,0
DA:32,0
DA:34,0
DA:38,0
DA:42,0
DA:43,0
DA:44,0
DA:45,0
DA:46,0
DA:48,0
DA:53,0
DA:54,0
DA:55,0
DA:56,0
DA:57,0
DA:59,0
DA:61,0
DA:62,0
DA:63,0
DA:64,0
DA:66,0
DA:68,0
DA:69,0
DA:70,0
DA:71,0
DA:72,0
DA:73,0
DA:74,0
DA:77,0
DA:78,0
DA:80,0
DA:84,0
DA:85,0
DA:86,0
DA:87,0
DA:89,0
DA:93,0
DA:94,0
DA:98,0
DA:99,0
DA:100,0
DA:102,0
DA:106,0
DA:107,0
DA:108,0
DA:110,0
DA:114,0
DA:115,0
DA:116,0
DA:117,0
DA:119,0
DA:120,0
DA:122,0
DA:123,0
DA:124,0
DA:125,0
DA:126,0
DA:132,0
DA:147,0
DA:148,0
DA:149,0
DA:150,0
DA:151,0
DA:152,0
DA:154,0
DA:155,0
DA:156,0
DA:160,0
DA:161,0
DA:162,0
DA:164,0
DA:168,0
DA:169,0
DA:170,0
DA:172,0
DA:176,0
DA:177,0
DA:178,0
DA:179,0
DA:180,0
DA:181,0
DA:182,0
DA:186,0
DA:187,0
DA:188,0
DA:189,0
DA:190,0
DA:196,0
DA:197,0
DA:198,0
DA:199,0
DA:200,0
DA:205,0
DA:206,0
DA:207,0
DA:208,0
DA:209,0
DA:213,0
DA:214,0
DA:215,0
DA:216,0
DA:217,0
DA:218,0
DA:222,0
DA:223,0
DA:224,0
DA:225,0
DA:227,0
DA:231,0
DA:232,0
DA:233,0
DA:234,0
DA:235,0
DA:236,0
DA:237,0
DA:238,0
DA:239,0
DA:242,0
DA:243,0
DA:244,0
DA:245,0
DA:246,0
DA:247,0
DA:250,0
DA:251,0
DA:252,0
DA:253,0
DA:254,0
DA:255,0
DA:258,0
DA:259,0
DA:260,0
DA:261,0
DA:264,0
DA:265,0
DA:266,0
DA:267,0
DA:268,0
DA:271,0
DA:272,0
DA:273,0
DA:274,0
DA:275,0
DA:277,0
DA:294,0
DA:295,0
DA:296,0
DA:300,0
DA:301,0
DA:306,0
DA:321,0
DA:322,0
DA:323,0
DA:324,0
DA:325,0
DA:326,0
DA:328,0
DA:329,0
DA:330,0
DA:331,0
DA:334,0
DA:338,0
DA:339,0
DA:340,0
DA:341,0
DA:344,0
DA:345,0
DA:346,0
DA:347,0
DA:348,0
DA:349,0
DA:352,0
DA:353,0
DA:358,0
DA:372,0
DA:380,0
DA:381,0
DA:382,0
DA:383,0
DA:384,0
DA:391,0
DA:398,0
DA:400,0
DA:410,0
DA:413,0
DA:421,0
DA:454,0
DA:497,0
DA:498,0
DA:499,0
DA:505,0
DA:512,0
DA:523,0
LF:204
LH:0
BRDA:18,0,0,0
BRDA:18,0,1,0
BRDA:20,1,0,0
BRDA:20,1,1,0
BRDA:23,2,0,0
BRDA:23,2,1,0
BRDA:23,3,0,0
BRDA:23,3,1,0
BRDA:27,4,0,0
BRDA:28,5,0,0
BRDA:28,5,1,0
BRDA:29,6,0,0
BRDA:29,6,1,0
BRDA:31,7,0,0
BRDA:31,7,1,0
BRDA:31,8,0,0
BRDA:31,8,1,0
BRDA:38,9,0,0
BRDA:38,9,1,0
BRDA:42,10,0,0
BRDA:42,10,1,0
BRDA:43,11,0,0
BRDA:43,11,1,0
BRDA:44,12,0,0
BRDA:44,12,1,0
BRDA:44,13,0,0
BRDA:44,13,1,0
BRDA:53,14,0,0
BRDA:53,14,1,0
BRDA:54,15,0,0
BRDA:54,15,1,0
BRDA:57,16,0,0
BRDA:57,16,1,0
BRDA:61,17,0,0
BRDA:61,17,1,0
BRDA:63,18,0,0
BRDA:63,18,1,0
BRDA:66,19,0,0
BRDA:66,19,1,0
BRDA:69,20,0,0
BRDA:69,20,1,0
BRDA:70,21,0,0
BRDA:70,21,1,0
BRDA:72,22,0,0
BRDA:72,22,1,0
BRDA:74,23,0,0
BRDA:74,23,1,0
BRDA:78,24,0,0
BRDA:78,24,1,0
BRDA:85,25,0,0
BRDA:85,25,1,0
BRDA:86,26,0,0
BRDA:86,26,1,0
BRDA:87,27,0,0
BRDA:87,27,1,0
BRDA:89,28,0,0
BRDA:89,28,1,0
BRDA:93,29,0,0
BRDA:93,29,1,0
BRDA:94,30,0,0
BRDA:94,30,1,0
BRDA:99,31,0,0
BRDA:99,31,1,0
BRDA:100,32,0,0
BRDA:100,32,1,0
BRDA:102,33,0,0
BRDA:102,33,1,0
BRDA:107,34,0,0
BRDA:107,34,1,0
BRDA:108,35,0,0
BRDA:108,35,1,0
BRDA:110,36,0,0
BRDA:110,36,1,0
BRDA:110,37,0,0
BRDA:110,37,1,0
BRDA:114,38,0,0
BRDA:114,38,1,0
BRDA:115,39,0,0
BRDA:115,39,1,0
BRDA:115,40,0,0
BRDA:115,40,1,0
BRDA:117,41,0,0
BRDA:117,41,1,0
BRDA:122,42,0,0
BRDA:122,42,1,0
BRDA:122,43,0,0
BRDA:122,43,1,0
BRDA:123,44,0,0
BRDA:123,44,1,0
BRDA:126,45,0,0
BRDA:126,45,1,0
BRDA:149,46,0,0
BRDA:149,46,1,0
BRDA:150,47,0,0
BRDA:150,47,1,0
BRDA:152,48,0,0
BRDA:152,48,1,0
BRDA:154,49,0,0
BRDA:154,49,1,0
BRDA:156,50,0,0
BRDA:156,50,1,0
BRDA:156,51,0,0
BRDA:156,51,1,0
BRDA:161,52,0,0
BRDA:161,52,1,0
BRDA:162,53,0,0
BRDA:162,53,1,0
BRDA:162,53,2,0
BRDA:169,54,0,0
BRDA:169,54,1,0
BRDA:170,55,0,0
BRDA:170,55,1,0
BRDA:170,55,2,0
BRDA:176,56,0,0
BRDA:176,56,1,0
BRDA:177,57,0,0
BRDA:177,57,1,0
BRDA:178,58,0,0
BRDA:178,58,1,0
BRDA:180,59,0,0
BRDA:180,59,1,0
BRDA:182,60,0,0
BRDA:182,60,1,0
BRDA:186,61,0,0
BRDA:186,61,1,0
BRDA:187,62,0,0
BRDA:187,62,1,0
BRDA:188,63,0,0
BRDA:188,63,1,0
BRDA:190,64,0,0
BRDA:190,64,1,0
BRDA:196,65,0,0
BRDA:196,65,1,0
BRDA:196,66,0,0
BRDA:196,66,1,0
BRDA:199,67,0,0
BRDA:199,67,1,0
BRDA:207,68,0,0
BRDA:207,68,1,0
BRDA:209,69,0,0
BRDA:209,69,1,0
BRDA:209,70,0,0
BRDA:209,70,1,0
BRDA:214,71,0,0
BRDA:214,71,1,0
BRDA:216,72,0,0
BRDA:216,72,1,0
BRDA:216,73,0,0
BRDA:216,73,1,0
BRDA:218,74,0,0
BRDA:218,74,1,0
BRDA:218,75,0,0
BRDA:218,75,1,0
BRDA:223,76,0,0
BRDA:223,76,1,0
BRDA:225,77,0,0
BRDA:225,77,1,0
BRDA:225,78,0,0
BRDA:225,78,1,0
BRDA:232,79,0,0
BRDA:232,79,1,0
BRDA:235,80,0,0
BRDA:235,80,1,0
BRDA:243,81,0,0
BRDA:243,81,1,0
BRDA:251,82,0,0
BRDA:251,82,1,0
BRDA:265,83,0,0
BRDA:265,83,1,0
BRDA:285,84,0,0
BRDA:285,84,1,0
BRDA:294,85,0,0
BRDA:294,85,1,0
BRDA:295,86,0,0
BRDA:295,86,1,0
BRDA:300,87,0,0
BRDA:300,87,1,0
BRDA:316,88,0,0
BRDA:317,89,0,0
BRDA:321,90,0,0
BRDA:321,90,1,0
BRDA:323,91,0,0
BRDA:323,91,1,0
BRDA:328,92,0,0
BRDA:328,92,1,0
BRDA:338,93,0,0
BRDA:338,93,1,0
BRDA:345,94,0,0
BRDA:345,94,1,0
BRDA:346,95,0,0
BRDA:346,95,1,0
BRDA:346,96,0,0
BRDA:346,96,1,0
BRDA:358,97,0,0
BRDA:358,97,1,0
BRDA:380,98,0,0
BRDA:380,98,1,0
BRDA:380,99,0,0
BRDA:380,99,1,0
BRDA:383,100,0,0
BRDA:383,100,1,0
BRDA:383,101,0,0
BRDA:383,101,1,0
BRDA:413,102,0,0
BRDA:413,102,1,0
BRDA:422,103,0,0
BRDA:422,103,1,0
BRDA:422,103,2,0
BRDA:424,104,0,0
BRDA:424,104,1,0
BRDA:464,105,0,0
BRDA:464,105,1,0
BRDA:465,106,0,0
BRDA:465,106,1,0
BRDA:466,107,0,0
BRDA:466,107,1,0
BRDA:480,108,0,0
BRDA:480,108,1,0
BRDA:481,109,0,0
BRDA:481,109,1,0
BRDA:482,110,0,0
BRDA:482,110,1,0
BRDA:507,111,0,0
BRDA:507,111,1,0
BRDA:508,112,0,0
BRDA:508,112,1,0
BRF:226
BRH:0
end_of_record
TN:
SF:src/application/fiscal/serpro/SerproAuthService.js
FN:11,extractTlsMaterialFromPfx
FN:26,(anonymous_1)
FN:32,(anonymous_2)
FN:39,(anonymous_3)
FN:81,(anonymous_4)
FN:92,(anonymous_5)
FN:96,(anonymous_6)
FNF:7
FNH:0
FNDA:0,extractTlsMaterialFromPfx
FNDA:0,(anonymous_1)
FNDA:0,(anonymous_2)
FNDA:0,(anonymous_3)
FNDA:0,(anonymous_4)
FNDA:0,(anonymous_5)
FNDA:0,(anonymous_6)
DA:12,0
DA:13,0
DA:14,0
DA:16,0
DA:19,0
DA:20,0
DA:21,0
DA:22,0
DA:25,0
DA:26,0
DA:33,0
DA:34,0
DA:35,0
DA:36,0
DA:40,0
DA:41,0
DA:42,0
DA:43,0
DA:44,0
DA:47,0
DA:48,0
DA:49,0
DA:50,0
DA:51,0
DA:54,0
DA:61,0
DA:62,0
DA:63,0
DA:64,0
DA:65,0
DA:68,0
DA:69,0
DA:70,0
DA:71,0
DA:74,0
DA:82,0
DA:83,0
DA:85,0
DA:93,0
DA:97,0
DA:99,0
DA:100,0
DA:107,0
DA:108,0
DA:109,0
DA:110,0
DA:112,0
DA:113,0
DA:123,0
DA:124,0
DA:125,0
DA:126,0
DA:127,0
DA:128,0
DA:129,0
DA:131,0
DA:132,0
DA:133,0
DA:134,0
DA:137,0
DA:138,0
DA:139,0
DA:141,0
DA:147,0
LF:64
LH:0
BRDA:14,0,0,0
BRDA:14,0,1,0
BRDA:16,1,0,0
BRDA:16,1,1,0
BRDA:19,2,0,0
BRDA:19,2,1,0
BRDA:19,3,0,0
BRDA:19,3,1,0
BRDA:32,4,0,0
BRDA:33,5,0,0
BRDA:33,5,1,0
BRDA:41,6,0,0
BRDA:41,6,1,0
BRDA:41,7,0,0
BRDA:41,7,1,0
BRDA:47,8,0,0
BRDA:47,8,1,0
BRDA:48,9,0,0
BRDA:48,9,1,0
BRDA:62,10,0,0
BRDA:62,10,1,0
BRDA:68,11,0,0
BRDA:68,11,1,0
BRDA:93,12,0,0
BRDA:93,12,1,0
BRDA:93,12,2,0
BRDA:99,13,0,0
BRDA:99,13,1,0
BRDA:110,14,0,0
BRDA:110,14,1,0
BRDA:123,15,0,0
BRDA:123,15,1,0
BRDA:124,16,0,0
BRDA:124,16,1,0
BRDA:125,17,0,0
BRDA:125,17,1,0
BRDA:126,18,0,0
BRDA:126,18,1,0
BRDA:131,19,0,0
BRDA:131,19,1,0
BRF:40
BRH:0
end_of_record
TN:
SF:src/application/fiscal/serpro/SerproConfig.js
FN:14,joinUrl
FN:23,resolveApiBaseUrl
FN:33,resolveAuthUrl
FN:42,getSerproConfig
FN:55,assertSerproConfig
FNF:5
FNH:0
FNDA:0,joinUrl
FNDA:0,resolveApiBaseUrl
FNDA:0,resolveAuthUrl
FNDA:0,getSerproConfig
FNDA:0,assertSerproConfig
DA:15,0
DA:16,0
DA:17,0
DA:18,0
DA:19,0
DA:20,0
DA:24,0
DA:25,0
DA:26,0
DA:27,0
DA:28,0
DA:30,0
DA:34,0
DA:35,0
DA:36,0
DA:37,0
DA:38,0
DA:39,0
DA:43,0
DA:56,0
DA:57,0
DA:58,0
DA:59,0
DA:61,0
LF:24
LH:0
BRDA:15,0,0,0
BRDA:15,0,1,0
BRDA:16,1,0,0
BRDA:16,1,1,0
BRDA:17,2,0,0
BRDA:17,2,1,0
BRDA:18,3,0,0
BRDA:18,3,1,0
BRDA:19,4,0,0
BRDA:19,4,1,0
BRDA:24,5,0,0
BRDA:24,5,1,0
BRDA:25,6,0,0
BRDA:25,6,1,0
BRDA:26,7,0,0
BRDA:26,7,1,0
BRDA:27,8,0,0
BRDA:27,8,1,0
BRDA:27,9,0,0
BRDA:27,9,1,0
BRDA:34,10,0,0
BRDA:34,10,1,0
BRDA:35,11,0,0
BRDA:35,11,1,0
BRDA:36,12,0,0
BRDA:36,12,1,0
BRDA:37,13,0,0
BRDA:37,13,1,0
BRDA:38,14,0,0
BRDA:38,14,1,0
BRDA:38,15,0,0
BRDA:38,15,1,0
BRDA:55,16,0,0
BRDA:56,17,0,0
BRDA:56,17,1,0
BRF:35
BRH:0
end_of_record
TN:
SF:src/application/fiscal/serpro/SerproDctfwebService.js
FN:13,onlyDigits
FN:17,parseNestedJsonString
FN:28,searchValueDeep
FN:59,parseDecimal
FN:68,parsePossibleDate
FN:78,extractPdfBase64
FN:79,(anonymous_6)
FN:87,isDefinitelyNotTransmitted
FN:88,(anonymous_8)
FN:97,extractAmount
FN:98,(anonymous_10)
FN:105,extractDueDate
FN:106,(anonymous_12)
FN:113,buildDctfwebPayload
FN:131,parsePdfResponse
FN:176,syncSerproInssForCompany
FNF:16
FNH:0
FNDA:0,onlyDigits
FNDA:0,parseNestedJsonString
FNDA:0,searchValueDeep
FNDA:0,parseDecimal
FNDA:0,parsePossibleDate
FNDA:0,extractPdfBase64
FNDA:0,(anonymous_6)
FNDA:0,isDefinitelyNotTransmitted
FNDA:0,(anonymous_8)
FNDA:0,extractAmount
FNDA:0,(anonymous_10)
FNDA:0,extractDueDate
FNDA:0,(anonymous_12)
FNDA:0,buildDctfwebPayload
FNDA:0,parsePdfResponse
FNDA:0,syncSerproInssForCompany
DA:9,0
DA:10,0
DA:11,0
DA:14,0
DA:18,0
DA:19,0
DA:20,0
DA:21,0
DA:22,0
DA:24,0
DA:29,0
DA:30,0
DA:31,0
DA:32,0
DA:33,0
DA:35,0
DA:37,0
DA:38,0
DA:39,0
DA:40,0
DA:42,0
DA:44,0
DA:45,0
DA:46,0
DA:47,0
DA:48,0
DA:49,0
DA:50,0
DA:53,0
DA:54,0
DA:56,0
DA:60,0
DA:61,0
DA:62,0
DA:63,0
DA:64,0
DA:65,0
DA:69,0
DA:70,0
DA:71,0
DA:72,0
DA:73,0
DA:74,0
DA:75,0
DA:79,0
DA:80,0
DA:81,0
DA:82,0
DA:84,0
DA:88,0
DA:89,0
DA:90,0
DA:91,0
DA:93,0
DA:94,0
DA:98,0
DA:99,0
DA:100,0
DA:102,0
DA:106,0
DA:107,0
DA:108,0
DA:110,0
DA:114,0
DA:115,0
DA:116,0
DA:117,0
DA:118,0
DA:120,0
DA:121,0
DA:132,0
DA:133,0
DA:134,0
DA:135,0
DA:136,0
DA:137,0
DA:140,0
DA:141,0
DA:142,0
DA:143,0
DA:144,0
DA:145,0
DA:148,0
DA:149,0
DA:150,0
DA:152,0
DA:157,0
DA:162,0
DA:163,0
DA:165,0
DA:177,0
DA:178,0
DA:179,0
DA:180,0
DA:181,0
DA:182,0
DA:184,0
DA:185,0
DA:186,0
DA:187,0
DA:190,0
DA:194,0
DA:195,0
DA:196,0
DA:197,0
DA:200,0
DA:201,0
DA:202,0
DA:203,0
DA:204,0
DA:205,0
DA:208,0
DA:209,0
DA:216,0
DA:217,0
DA:255,0
DA:264,0
DA:271,0
DA:272,0
DA:273,0
DA:274,0
DA:275,0
DA:277,0
DA:326,0
DA:327,0
DA:333,0
DA:341,0
DA:379,0
DA:390,0
LF:129
LH:0
BRDA:14,0,0,0
BRDA:14,0,1,0
BRDA:18,1,0,0
BRDA:18,1,1,0
BRDA:19,2,0,0
BRDA:19,2,1,0
BRDA:20,3,0,0
BRDA:20,3,1,0
BRDA:20,4,0,0
BRDA:20,4,1,0
BRDA:29,5,0,0
BRDA:29,5,1,0
BRDA:30,6,0,0
BRDA:30,6,1,0
BRDA:33,7,0,0
BRDA:33,7,1,0
BRDA:37,8,0,0
BRDA:37,8,1,0
BRDA:39,9,0,0
BRDA:39,9,1,0
BRDA:42,10,0,0
BRDA:42,10,1,0
BRDA:45,11,0,0
BRDA:45,11,1,0
BRDA:46,12,0,0
BRDA:46,12,1,0
BRDA:48,13,0,0
BRDA:48,13,1,0
BRDA:50,14,0,0
BRDA:50,14,1,0
BRDA:54,15,0,0
BRDA:54,15,1,0
BRDA:60,16,0,0
BRDA:60,16,1,0
BRDA:60,17,0,0
BRDA:60,17,1,0
BRDA:61,18,0,0
BRDA:61,18,1,0
BRDA:61,19,0,0
BRDA:61,19,1,0
BRDA:63,20,0,0
BRDA:63,20,1,0
BRDA:64,21,0,0
BRDA:64,21,1,0
BRDA:65,22,0,0
BRDA:65,22,1,0
BRDA:69,23,0,0
BRDA:69,23,1,0
BRDA:70,24,0,0
BRDA:70,24,1,0
BRDA:71,25,0,0
BRDA:71,25,1,0
BRDA:73,26,0,0
BRDA:73,26,1,0
BRDA:75,27,0,0
BRDA:75,27,1,0
BRDA:80,28,0,0
BRDA:80,28,1,0
BRDA:81,29,0,0
BRDA:81,29,1,0
BRDA:82,30,0,0
BRDA:82,30,1,0
BRDA:84,31,0,0
BRDA:84,31,1,0
BRDA:89,32,0,0
BRDA:89,32,1,0
BRDA:90,33,0,0
BRDA:90,33,1,0
BRDA:91,34,0,0
BRDA:91,34,1,0
BRDA:93,35,0,0
BRDA:93,35,1,0
BRDA:99,36,0,0
BRDA:99,36,1,0
BRDA:100,37,0,0
BRDA:100,37,1,0
BRDA:107,38,0,0
BRDA:107,38,1,0
BRDA:108,39,0,0
BRDA:108,39,1,0
BRDA:115,40,0,0
BRDA:115,40,1,0
BRDA:133,41,0,0
BRDA:133,41,1,0
BRDA:141,42,0,0
BRDA:141,42,1,0
BRDA:150,43,0,0
BRDA:150,43,1,0
BRDA:162,44,0,0
BRDA:162,44,1,0
BRDA:162,44,2,0
BRDA:163,45,0,0
BRDA:163,45,1,0
BRDA:170,46,0,0
BRDA:170,46,1,0
BRDA:177,47,0,0
BRDA:177,47,1,0
BRDA:179,48,0,0
BRDA:179,48,1,0
BRDA:184,49,0,0
BRDA:184,49,1,0
BRDA:194,50,0,0
BRDA:194,50,1,0
BRDA:201,51,0,0
BRDA:201,51,1,0
BRDA:202,52,0,0
BRDA:202,52,1,0
BRDA:202,53,0,0
BRDA:202,53,1,0
BRDA:216,54,0,0
BRDA:216,54,1,0
BRDA:292,55,0,0
BRDA:292,55,1,0
BRDA:309,56,0,0
BRDA:309,56,1,0
BRDA:333,57,0,0
BRDA:333,57,1,0
BRDA:342,58,0,0
BRDA:342,58,1,0
BRDA:344,59,0,0
BRDA:344,59,1,0
BRF:121
BRH:0
end_of_record
TN:
SF:src/application/fiscal/serpro/SerproErrorMapper.js
FN:3,buildMappedError
FN:13,pickProviderMessage
FN:24,normalizeProviderMessage
FN:36,mapSerproError
FNF:4
FNH:0
FNDA:0,buildMappedError
FNDA:0,pickProviderMessage
FNDA:0,normalizeProviderMessage
FNDA:0,mapSerproError
DA:4,0
DA:5,0
DA:6,0
DA:7,0
DA:8,0
DA:9,0
DA:10,0
DA:14,0
DA:15,0
DA:16,0
DA:17,0
DA:18,0
DA:19,0
DA:20,0
DA:21,0
DA:25,0
DA:26,0
DA:27,0
DA:28,0
DA:30,0
DA:31,0
DA:33,0
DA:37,0
DA:38,0
DA:45,0
DA:46,0
DA:49,0
DA:50,0
DA:51,0
DA:52,0
DA:54,0
DA:55,0
DA:65,0
DA:66,0
DA:76,0
DA:77,0
DA:87,0
DA:88,0
DA:98,0
DA:99,0
DA:108,0
DA:118,0
LF:42
LH:0
BRDA:3,0,0,0
BRDA:3,1,0,0
BRDA:3,2,0,0
BRDA:3,3,0,0
BRDA:4,4,0,0
BRDA:4,4,1,0
BRDA:5,5,0,0
BRDA:5,5,1,0
BRDA:9,6,0,0
BRDA:9,6,1,0
BRDA:14,7,0,0
BRDA:14,7,1,0
BRDA:15,8,0,0
BRDA:15,8,1,0
BRDA:16,9,0,0
BRDA:16,9,1,0
BRDA:16,10,0,0
BRDA:16,10,1,0
BRDA:17,11,0,0
BRDA:17,11,1,0
BRDA:18,12,0,0
BRDA:18,12,1,0
BRDA:19,13,0,0
BRDA:19,13,1,0
BRDA:20,14,0,0
BRDA:20,14,1,0
BRDA:25,15,0,0
BRDA:25,15,1,0
BRDA:26,16,0,0
BRDA:26,16,1,0
BRDA:27,17,0,0
BRDA:27,17,1,0
BRDA:30,18,0,0
BRDA:30,18,1,0
BRDA:36,19,0,0
BRDA:37,20,0,0
BRDA:37,20,1,0
BRDA:45,21,0,0
BRDA:45,21,1,0
BRDA:45,22,0,0
BRDA:45,22,1,0
BRDA:49,23,0,0
BRDA:49,23,1,0
BRDA:50,24,0,0
BRDA:50,24,1,0
BRDA:50,25,0,0
BRDA:50,25,1,0
BRDA:51,26,0,0
BRDA:51,26,1,0
BRDA:52,27,0,0
BRDA:52,27,1,0
BRDA:52,27,2,0
BRDA:54,28,0,0
BRDA:54,28,1,0
BRDA:54,29,0,0
BRDA:54,29,1,0
BRDA:65,30,0,0
BRDA:65,30,1,0
BRDA:65,31,0,0
BRDA:65,31,1,0
BRDA:65,31,2,0
BRDA:76,32,0,0
BRDA:76,32,1,0
BRDA:87,33,0,0
BRDA:87,33,1,0
BRDA:98,34,0,0
BRDA:98,34,1,0
BRDA:120,35,0,0
BRDA:120,35,1,0
BRF:69
BRH:0
end_of_record
TN:
SF:src/application/fiscal/serpro/SerproExecutionLogService.js
FN:4,buildLogKey
FN:8,createSerproExecutionLog
FNF:2
FNH:0
FNDA:0,buildLogKey
FNDA:0,createSerproExecutionLog
DA:5,0
DA:9,0
DA:10,0
DA:11,0
DA:17,0
LF:5
LH:0
BRDA:9,0,0,0
BRDA:9,0,1,0
BRDA:9,1,0,0
BRDA:9,1,1,0
BRF:4
BRH:0
end_of_record
TN:
SF:src/application/fiscal/serpro/SerproHttpClient.js
FN:7,(anonymous_0)
FN:12,(anonymous_1)
FN:20,(anonymous_2)
FN:50,(anonymous_3)
FNF:4
FNH:0
FNDA:0,(anonymous_0)
FNDA:0,(anonymous_1)
FNDA:0,(anonymous_2)
FNDA:0,(anonymous_3)
DA:8,0
DA:9,0
DA:13,0
DA:14,0
DA:15,0
DA:16,0
DA:17,0
DA:21,0
DA:27,0
DA:28,0
DA:44,0
DA:46,0
DA:51,0
LF:13
LH:0
BRDA:7,0,0,0
BRDA:8,1,0,0
BRDA:8,1,1,0
BRDA:9,2,0,0
BRDA:9,2,1,0
BRDA:13,3,0,0
BRDA:13,3,1,0
BRDA:14,4,0,0
BRDA:14,4,1,0
BRDA:15,5,0,0
BRDA:15,5,1,0
BRDA:16,6,0,0
BRDA:16,6,1,0
BRDA:20,7,0,0
BRDA:20,8,0,0
BRDA:20,9,0,0
BRDA:50,10,0,0
BRF:17
BRH:0
end_of_record
TN:
SF:src/application/fiscal/serpro/SerproPgdasDeclaracaoService.js
FN:14,onlyDigits
FN:18,normalizeCompetenciaAaaamm
FN:24,validateCompetenciaAaaamm
FN:40,parseDecimal
FN:49,parseNestedJsonString
FN:60,searchValueDeep
FN:91,buildConsultarDeclaracaoPayload
FN:105,parseCompactDateTime
FN:112,parseSerproJsonField
FN:122,findDasIndexNode
FN:123,(anonymous_10)
FN:128,parseDasIndexResponse
FN:144,tryEnsureDasGuideRecord
FN:159,ensureDasGuideRecord
FN:191,parseSerproDados
FN:195,(anonymous_15)
FN:216,pickPdfPayload
FN:224,decodeBase64Pdf
FN:236,saveBase64Pdf
FN:249,extractMoneyFromTextByPatterns
FN:264,normalizeForMatch
FN:279,classifyAtividade
FN:314,parseAtividadesPgdas
FN:362,parsePgdasDeclarationPdf
FN:428,findOrCreateCircular
FN:451,syncPgdasByCompetencia
FNF:26
FNH:0
FNDA:0,onlyDigits
FNDA:0,normalizeCompetenciaAaaamm
FNDA:0,validateCompetenciaAaaamm
FNDA:0,parseDecimal
FNDA:0,parseNestedJsonString
FNDA:0,searchValueDeep
FNDA:0,buildConsultarDeclaracaoPayload
FNDA:0,parseCompactDateTime
FNDA:0,parseSerproJsonField
FNDA:0,findDasIndexNode
FNDA:0,(anonymous_10)
FNDA:0,parseDasIndexResponse
FNDA:0,tryEnsureDasGuideRecord
FNDA:0,ensureDasGuideRecord
FNDA:0,parseSerproDados
FNDA:0,(anonymous_15)
FNDA:0,pickPdfPayload
FNDA:0,decodeBase64Pdf
FNDA:0,saveBase64Pdf
FNDA:0,extractMoneyFromTextByPatterns
FNDA:0,normalizeForMatch
FNDA:0,classifyAtividade
FNDA:0,parseAtividadesPgdas
FNDA:0,parsePgdasDeclarationPdf
FNDA:0,findOrCreateCircular
FNDA:0,syncPgdasByCompetencia
DA:12,0
DA:15,0
DA:19,0
DA:20,0
DA:21,0
DA:25,0
DA:26,0
DA:27,0
DA:28,0
DA:29,0
DA:31,0
DA:32,0
DA:33,0
DA:34,0
DA:35,0
DA:37,0
DA:41,0
DA:42,0
DA:43,0
DA:44,0
DA:45,0
DA:46,0
DA:50,0
DA:51,0
DA:52,0
DA:53,0
DA:54,0
DA:56,0
DA:61,0
DA:62,0
DA:63,0
DA:64,0
DA:65,0
DA:67,0
DA:69,0
DA:70,0
DA:71,0
DA:72,0
DA:74,0
DA:76,0
DA:77,0
DA:78,0
DA:79,0
DA:80,0
DA:81,0
DA:82,0
DA:85,0
DA:86,0
DA:88,0
DA:92,0
DA:106,0
DA:107,0
DA:108,0
DA:109,0
DA:113,0
DA:114,0
DA:115,0
DA:116,0
DA:118,0
DA:123,0
DA:124,0
DA:125,0
DA:129,0
DA:130,0
DA:131,0
DA:132,0
DA:133,0
DA:134,0
DA:135,0
DA:136,0
DA:145,0
DA:146,0
DA:147,0
DA:149,0
DA:160,0
DA:170,0
DA:171,0
DA:177,0
DA:180,0
DA:182,0
DA:183,0
DA:185,0
DA:188,0
DA:192,0
DA:193,0
DA:194,0
DA:195,0
DA:197,0
DA:198,0
DA:203,0
DA:204,0
DA:205,0
DA:207,0
DA:208,0
DA:210,0
DA:211,0
DA:212,0
DA:217,0
DA:218,0
DA:219,0
DA:220,0
DA:221,0
DA:225,0
DA:226,0
DA:227,0
DA:228,0
DA:229,0
DA:230,0
DA:231,0
DA:233,0
DA:237,0
DA:238,0
DA:239,0
DA:240,0
DA:241,0
DA:250,0
DA:251,0
DA:252,0
DA:253,0
DA:254,0
DA:257,0
DA:265,0
DA:280,0
DA:281,0
DA:282,0
DA:285,0
DA:287,0
DA:292,0
DA:294,0
DA:295,0
DA:297,0
DA:315,0
DA:316,0
DA:317,0
DA:325,0
DA:327,0
DA:328,0
DA:329,0
DA:330,0
DA:331,0
DA:334,0
DA:335,0
DA:336,0
DA:337,0
DA:338,0
DA:340,0
DA:341,0
DA:344,0
DA:345,0
DA:346,0
DA:347,0
DA:348,0
DA:349,0
DA:350,0
DA:351,0
DA:352,0
DA:353,0
DA:355,0
DA:358,0
DA:359,0
DA:363,0
DA:364,0
DA:365,0
DA:368,0
DA:378,0
DA:379,0
DA:382,0
DA:383,0
DA:384,0
DA:386,0
DA:387,0
DA:391,0
DA:392,0
DA:397,0
DA:398,0
DA:399,0
DA:400,0
DA:401,0
DA:413,0
DA:415,0
DA:429,0
DA:430,0
DA:452,0
DA:453,0
DA:454,0
DA:456,0
DA:457,0
DA:458,0
DA:459,0
DA:461,0
DA:462,0
DA:463,0
DA:464,0
DA:467,0
DA:471,0
DA:472,0
DA:473,0
DA:474,0
DA:476,0
DA:477,0
DA:478,0
DA:479,0
DA:482,0
DA:484,0
DA:485,0
DA:486,0
DA:487,0
DA:488,0
DA:489,0
DA:490,0
DA:493,0
DA:494,0
DA:499,0
DA:501,0
DA:502,0
DA:511,0
DA:513,0
DA:514,0
DA:537,0
DA:545,0
DA:548,0
DA:549,0
DA:551,0
DA:552,0
DA:569,0
DA:572,0
DA:580,0
DA:590,0
DA:591,0
DA:592,0
DA:593,0
DA:594,0
DA:595,0
DA:596,0
DA:597,0
DA:601,0
DA:602,0
DA:603,0
DA:604,0
DA:607,0
DA:614,0
DA:650,0
DA:659,0
DA:671,0
DA:677,0
DA:691,0
DA:699,0
LF:247
LH:0
BRDA:15,0,0,0
BRDA:15,0,1,0
BRDA:20,1,0,0
BRDA:20,1,1,0
BRDA:25,2,0,0
BRDA:25,2,1,0
BRDA:26,3,0,0
BRDA:26,3,1,0
BRDA:32,4,0,0
BRDA:32,4,1,0
BRDA:32,5,0,0
BRDA:32,5,1,0
BRDA:41,6,0,0
BRDA:41,6,1,0
BRDA:41,7,0,0
BRDA:41,7,1,0
BRDA:42,8,0,0
BRDA:42,8,1,0
BRDA:42,9,0,0
BRDA:42,9,1,0
BRDA:44,10,0,0
BRDA:44,10,1,0
BRDA:45,11,0,0
BRDA:45,11,1,0
BRDA:46,12,0,0
BRDA:46,12,1,0
BRDA:50,13,0,0
BRDA:50,13,1,0
BRDA:51,14,0,0
BRDA:51,14,1,0
BRDA:52,15,0,0
BRDA:52,15,1,0
BRDA:52,16,0,0
BRDA:52,16,1,0
BRDA:61,17,0,0
BRDA:61,17,1,0
BRDA:62,18,0,0
BRDA:62,18,1,0
BRDA:65,19,0,0
BRDA:65,19,1,0
BRDA:69,20,0,0
BRDA:69,20,1,0
BRDA:71,21,0,0
BRDA:71,21,1,0
BRDA:74,22,0,0
BRDA:74,22,1,0
BRDA:77,23,0,0
BRDA:77,23,1,0
BRDA:78,24,0,0
BRDA:78,24,1,0
BRDA:80,25,0,0
BRDA:80,25,1,0
BRDA:82,26,0,0
BRDA:82,26,1,0
BRDA:86,27,0,0
BRDA:86,27,1,0
BRDA:106,28,0,0
BRDA:106,28,1,0
BRDA:108,29,0,0
BRDA:108,29,1,0
BRDA:113,30,0,0
BRDA:113,30,1,0
BRDA:114,31,0,0
BRDA:114,31,1,0
BRDA:123,32,0,0
BRDA:123,32,1,0
BRDA:123,32,2,0
BRDA:123,33,0,0
BRDA:123,33,1,0
BRDA:124,34,0,0
BRDA:124,34,1,0
BRDA:124,35,0,0
BRDA:124,35,1,0
BRDA:130,36,0,0
BRDA:130,36,1,0
BRDA:131,37,0,0
BRDA:131,37,1,0
BRDA:132,38,0,0
BRDA:132,38,1,0
BRDA:132,39,0,0
BRDA:132,39,1,0
BRDA:132,39,2,0
BRDA:134,40,0,0
BRDA:134,40,1,0
BRDA:134,41,0,0
BRDA:134,41,1,0
BRDA:135,42,0,0
BRDA:135,42,1,0
BRDA:135,42,2,0
BRDA:139,43,0,0
BRDA:139,43,1,0
BRDA:152,44,0,0
BRDA:152,44,1,0
BRDA:153,45,0,0
BRDA:153,45,1,0
BRDA:170,46,0,0
BRDA:170,46,1,0
BRDA:180,47,0,0
BRDA:180,47,1,0
BRDA:182,48,0,0
BRDA:182,48,1,0
BRDA:192,49,0,0
BRDA:192,49,1,0
BRDA:193,50,0,0
BRDA:193,50,1,0
BRDA:194,51,0,0
BRDA:194,51,1,0
BRDA:195,52,0,0
BRDA:195,52,1,0
BRDA:197,53,0,0
BRDA:197,53,1,0
BRDA:200,54,0,0
BRDA:200,54,1,0
BRDA:217,55,0,0
BRDA:217,55,1,0
BRDA:217,56,0,0
BRDA:217,56,1,0
BRDA:218,57,0,0
BRDA:218,57,1,0
BRDA:218,58,0,0
BRDA:218,58,1,0
BRDA:218,58,2,0
BRDA:218,58,3,0
BRDA:219,59,0,0
BRDA:219,59,1,0
BRDA:219,60,0,0
BRDA:219,60,1,0
BRDA:219,60,2,0
BRDA:219,60,3,0
BRDA:220,61,0,0
BRDA:220,61,1,0
BRDA:225,62,0,0
BRDA:225,62,1,0
BRDA:226,63,0,0
BRDA:226,63,1,0
BRDA:228,64,0,0
BRDA:228,64,1,0
BRDA:238,65,0,0
BRDA:238,65,1,0
BRDA:252,66,0,0
BRDA:252,66,1,0
BRDA:254,67,0,0
BRDA:254,67,1,0
BRDA:265,68,0,0
BRDA:265,68,1,0
BRDA:281,69,0,0
BRDA:281,69,1,0
BRDA:285,70,0,0
BRDA:285,70,1,0
BRDA:287,71,0,0
BRDA:287,71,1,0
BRDA:292,72,0,0
BRDA:292,72,1,0
BRDA:294,73,0,0
BRDA:294,73,1,0
BRDA:316,74,0,0
BRDA:316,74,1,0
BRDA:325,75,0,0
BRDA:325,75,1,0
BRDA:330,76,0,0
BRDA:330,76,1,0
BRDA:335,77,0,0
BRDA:335,77,1,0
BRDA:336,78,0,0
BRDA:336,78,1,0
BRDA:337,79,0,0
BRDA:337,79,1,0
BRDA:338,80,0,0
BRDA:338,80,1,0
BRDA:349,81,0,0
BRDA:349,81,1,0
BRDA:351,82,0,0
BRDA:351,82,1,0
BRDA:352,83,0,0
BRDA:352,83,1,0
BRDA:365,84,0,0
BRDA:365,84,1,0
BRDA:382,85,0,0
BRDA:382,85,1,0
BRDA:384,86,0,0
BRDA:384,86,1,0
BRDA:384,87,0,0
BRDA:384,87,1,0
BRDA:386,88,0,0
BRDA:386,88,1,0
BRDA:391,89,0,0
BRDA:391,89,1,0
BRDA:397,90,0,0
BRDA:397,90,1,0
BRDA:399,91,0,0
BRDA:399,91,1,0
BRDA:401,92,0,0
BRDA:401,92,1,0
BRDA:401,93,0,0
BRDA:401,93,1,0
BRDA:452,94,0,0
BRDA:452,94,1,0
BRDA:456,95,0,0
BRDA:456,95,1,0
BRDA:461,96,0,0
BRDA:461,96,1,0
BRDA:471,97,0,0
BRDA:471,97,1,0
BRDA:476,98,0,0
BRDA:476,98,1,0
BRDA:486,99,0,0
BRDA:486,99,1,0
BRDA:487,100,0,0
BRDA:487,100,1,0
BRDA:487,101,0,0
BRDA:487,101,1,0
BRDA:513,102,0,0
BRDA:513,102,1,0
BRDA:518,103,0,0
BRDA:518,103,1,0
BRDA:519,104,0,0
BRDA:519,104,1,0
BRDA:520,105,0,0
BRDA:520,105,1,0
BRDA:521,106,0,0
BRDA:521,106,1,0
BRDA:521,107,0,0
BRDA:521,107,1,0
BRDA:526,108,0,0
BRDA:526,108,1,0
BRDA:526,109,0,0
BRDA:526,109,1,0
BRDA:537,110,0,0
BRDA:537,110,1,0
BRDA:551,111,0,0
BRDA:551,111,1,0
BRDA:560,112,0,0
BRDA:560,112,1,0
BRDA:560,113,0,0
BRDA:560,113,1,0
BRDA:576,114,0,0
BRDA:576,114,1,0
BRDA:580,115,0,0
BRDA:580,115,1,0
BRDA:585,116,0,0
BRDA:585,116,1,0
BRDA:591,117,0,0
BRDA:591,117,1,0
BRDA:592,118,0,0
BRDA:592,118,1,0
BRDA:593,119,0,0
BRDA:593,119,1,0
BRDA:594,120,0,0
BRDA:594,120,1,0
BRDA:595,121,0,0
BRDA:595,121,1,0
BRDA:596,122,0,0
BRDA:596,122,1,0
BRDA:597,123,0,0
BRDA:597,123,1,0
BRDA:601,124,0,0
BRDA:601,124,1,0
BRDA:604,125,0,0
BRDA:604,125,1,0
BRDA:623,126,0,0
BRDA:623,126,1,0
BRDA:624,127,0,0
BRDA:624,127,1,0
BRDA:625,128,0,0
BRDA:625,128,1,0
BRDA:626,129,0,0
BRDA:626,129,1,0
BRDA:629,130,0,0
BRDA:629,130,1,0
BRDA:630,131,0,0
BRDA:630,131,1,0
BRDA:631,132,0,0
BRDA:631,132,1,0
BRDA:632,133,0,0
BRDA:632,133,1,0
BRDA:632,134,0,0
BRDA:632,134,1,0
BRDA:632,135,0,0
BRDA:632,135,1,0
BRDA:637,136,0,0
BRDA:637,136,1,0
BRDA:637,137,0,0
BRDA:637,137,1,0
BRDA:650,138,0,0
BRDA:650,138,1,0
BRDA:659,139,0,0
BRDA:659,139,1,0
BRDA:664,140,0,0
BRDA:664,140,1,0
BRDA:664,141,0,0
BRDA:664,141,1,0
BRDA:687,142,0,0
BRDA:687,142,1,0
BRDA:695,143,0,0
BRDA:695,143,1,0
BRF:295
BRH:0
end_of_record
TN:
SF:src/application/fiscal/serpro/SerproPgdasdService.js
FN:8,onlyDigits
FN:13,(anonymous_1)
FN:17,(anonymous_2)
FN:56,(anonymous_3)
FN:63,(anonymous_4)
FN:70,(anonymous_5)
FNF:6
FNH:0
FNDA:0,onlyDigits
FNDA:0,(anonymous_1)
FNDA:0,(anonymous_2)
FNDA:0,(anonymous_3)
FNDA:0,(anonymous_4)
FNDA:0,(anonymous_5)
DA:4,0
DA:5,0
DA:6,0
DA:9,0
DA:14,0
DA:18,0
DA:19,0
DA:20,0
DA:21,0
DA:22,0
DA:25,0
DA:26,0
DA:27,0
DA:28,0
DA:29,0
DA:30,0
DA:32,0
DA:33,0
DA:34,0
DA:35,0
DA:38,0
DA:53,0
DA:57,0
DA:64,0
DA:71,0
DA:72,0
DA:73,0
DA:74,0
DA:75,0
DA:78,0
DA:79,0
DA:80,0
DA:81,0
DA:82,0
DA:83,0
DA:85,0
DA:86,0
DA:87,0
DA:88,0
DA:91,0
LF:40
LH:0
BRDA:9,0,0,0
BRDA:9,0,1,0
BRDA:13,1,0,0
BRDA:14,2,0,0
BRDA:14,2,1,0
BRDA:19,3,0,0
BRDA:19,3,1,0
BRDA:27,4,0,0
BRDA:27,4,1,0
BRDA:27,5,0,0
BRDA:27,5,1,0
BRDA:32,6,0,0
BRDA:32,6,1,0
BRDA:32,7,0,0
BRDA:32,7,1,0
BRDA:44,8,0,0
BRDA:44,8,1,0
BRDA:48,9,0,0
BRDA:48,9,1,0
BRDA:72,10,0,0
BRDA:72,10,1,0
BRDA:80,11,0,0
BRDA:80,11,1,0
BRDA:80,12,0,0
BRDA:80,12,1,0
BRDA:85,13,0,0
BRDA:85,13,1,0
BRDA:85,14,0,0
BRDA:85,14,1,0
BRF:29
BRH:0
end_of_record
TN:
SF:src/application/fiscal/serpro/SerproProcurationService.js
FN:7,onlyDigits
FN:11,searchValueDeep
FN:30,parsePossibleDate
FN:40,parseJsonString
FN:50,keyForPortalClient
FN:54,summarizeProcurationResponse
FN:71,(anonymous_6)
FN:73,(anonymous_7)
FN:74,(anonymous_8)
FN:86,(anonymous_9)
FN:97,getStoredProcurationStatus
FN:111,(anonymous_11)
FN:115,(anonymous_12)
FNF:13
FNH:0
FNDA:0,onlyDigits
FNDA:0,searchValueDeep
FNDA:0,parsePossibleDate
FNDA:0,parseJsonString
FNDA:0,keyForPortalClient
FNDA:0,summarizeProcurationResponse
FNDA:0,(anonymous_6)
FNDA:0,(anonymous_7)
FNDA:0,(anonymous_8)
FNDA:0,(anonymous_9)
FNDA:0,getStoredProcurationStatus
FNDA:0,(anonymous_11)
FNDA:0,(anonymous_12)
DA:5,0
DA:8,0
DA:12,0
DA:13,0
DA:14,0
DA:15,0
DA:16,0
DA:18,0
DA:20,0
DA:22,0
DA:23,0
DA:24,0
DA:25,0
DA:27,0
DA:31,0
DA:32,0
DA:33,0
DA:34,0
DA:35,0
DA:36,0
DA:37,0
DA:41,0
DA:42,0
DA:43,0
DA:44,0
DA:46,0
DA:51,0
DA:55,0
DA:56,0
DA:57,0
DA:58,0
DA:59,0
DA:61,0
DA:62,0
DA:70,0
DA:71,0
DA:73,0
DA:74,0
DA:75,0
DA:77,0
DA:81,0
DA:87,0
DA:88,0
DA:89,0
DA:98,0
DA:99,0
DA:100,0
DA:112,0
DA:116,0
DA:120,0
DA:121,0
DA:122,0
DA:123,0
DA:126,0
DA:127,0
DA:128,0
DA:129,0
DA:130,0
DA:131,0
DA:134,0
DA:135,0
DA:152,0
DA:153,0
DA:154,0
DA:156,0
DA:179,0
LF:66
LH:0
BRDA:8,0,0,0
BRDA:8,0,1,0
BRDA:12,1,0,0
BRDA:12,1,1,0
BRDA:13,2,0,0
BRDA:13,2,1,0
BRDA:16,3,0,0
BRDA:16,3,1,0
BRDA:20,4,0,0
BRDA:20,4,1,0
BRDA:23,5,0,0
BRDA:23,5,1,0
BRDA:25,6,0,0
BRDA:25,6,1,0
BRDA:31,7,0,0
BRDA:31,7,1,0
BRDA:32,8,0,0
BRDA:32,8,1,0
BRDA:33,9,0,0
BRDA:33,9,1,0
BRDA:35,10,0,0
BRDA:35,10,1,0
BRDA:37,11,0,0
BRDA:37,11,1,0
BRDA:41,12,0,0
BRDA:41,12,1,0
BRDA:42,13,0,0
BRDA:42,13,1,0
BRDA:56,14,0,0
BRDA:56,14,1,0
BRDA:57,15,0,0
BRDA:57,15,1,0
BRDA:58,16,0,0
BRDA:58,16,1,0
BRDA:61,17,0,0
BRDA:61,17,1,0
BRDA:64,18,0,0
BRDA:64,18,1,0
BRDA:71,19,0,0
BRDA:71,19,1,0
BRDA:71,20,0,0
BRDA:71,20,1,0
BRDA:73,21,0,0
BRDA:73,21,1,0
BRDA:73,22,0,0
BRDA:73,22,1,0
BRDA:74,23,0,0
BRDA:74,23,1,0
BRDA:74,23,2,0
BRDA:74,24,0,0
BRDA:74,24,1,0
BRDA:75,25,0,0
BRDA:75,25,1,0
BRDA:77,26,0,0
BRDA:77,26,1,0
BRDA:77,26,2,0
BRDA:79,27,0,0
BRDA:79,27,1,0
BRDA:82,28,0,0
BRDA:82,28,1,0
BRDA:83,29,0,0
BRDA:83,29,1,0
BRDA:84,30,0,0
BRDA:84,30,1,0
BRDA:87,31,0,0
BRDA:87,31,1,0
BRDA:88,32,0,0
BRDA:88,32,1,0
BRDA:88,33,0,0
BRDA:88,33,1,0
BRDA:88,34,0,0
BRDA:88,34,1,0
BRDA:88,34,2,0
BRDA:88,34,3,0
BRDA:99,35,0,0
BRDA:99,35,1,0
BRDA:99,36,0,0
BRDA:99,36,1,0
BRDA:102,37,0,0
BRDA:102,37,1,0
BRDA:103,38,0,0
BRDA:103,38,1,0
BRDA:104,39,0,0
BRDA:104,39,1,0
BRDA:105,40,0,0
BRDA:105,40,1,0
BRDA:106,41,0,0
BRDA:106,41,1,0
BRDA:111,42,0,0
BRDA:112,43,0,0
BRDA:112,43,1,0
BRDA:120,44,0,0
BRDA:120,44,1,0
BRDA:127,45,0,0
BRDA:127,45,1,0
BRDA:128,46,0,0
BRDA:128,46,1,0
BRDA:128,47,0,0
BRDA:128,47,1,0
BRF:99
BRH:0
end_of_record
TN:
SF:src/application/fiscal/serpro/SerproRuntimeSettings.js
FN:13,normalizeCron
FN:18,clampInt
FN:25,parseDayFromCron
FN:34,parseHourFromCron
FN:42,resolveFetchDay
FN:47,resolveFetchHour
FN:54,deriveDailyCron
FN:58,normalizeTimeout
FN:64,getStoredValue
FN:68,normalizeUrl
FN:72,joinUrl
FN:81,resolveStoredAuthUrl
FN:91,resolveStoredApiBaseUrl
FN:103,parsePfxExpiry
FN:116,parsePfxDocument
FN:125,(anonymous_15)
FN:126,(anonymous_16)
FN:128,(anonymous_17)
FN:129,(anonymous_18)
FN:131,(anonymous_19)
FN:132,(anonymous_20)
FN:147,getSerproRuntimeSettings
FN:183,getResolvedSerproCredentials
FN:235,updateSerproRuntimeSettings
FN:280,uploadSerproCertificate
FN:329,deleteSerproCertificate
FNF:26
FNH:0
FNDA:0,normalizeCron
FNDA:0,clampInt
FNDA:0,parseDayFromCron
FNDA:0,parseHourFromCron
FNDA:0,resolveFetchDay
FNDA:0,resolveFetchHour
FNDA:0,deriveDailyCron
FNDA:0,normalizeTimeout
FNDA:0,getStoredValue
FNDA:0,normalizeUrl
FNDA:0,joinUrl
FNDA:0,resolveStoredAuthUrl
FNDA:0,resolveStoredApiBaseUrl
FNDA:0,parsePfxExpiry
FNDA:0,parsePfxDocument
FNDA:0,(anonymous_15)
FNDA:0,(anonymous_16)
FNDA:0,(anonymous_17)
FNDA:0,(anonymous_18)
FNDA:0,(anonymous_19)
FNDA:0,(anonymous_20)
FNDA:0,getSerproRuntimeSettings
FNDA:0,getResolvedSerproCredentials
FNDA:0,updateSerproRuntimeSettings
FNDA:0,uploadSerproCertificate
FNDA:0,deleteSerproCertificate
DA:10,0
DA:11,0
DA:14,0
DA:15,0
DA:19,0
DA:20,0
DA:21,0
DA:26,0
DA:27,0
DA:28,0
DA:29,0
DA:30,0
DA:35,0
DA:36,0
DA:37,0
DA:38,0
DA:39,0
DA:43,0
DA:44,0
DA:48,0
DA:49,0
DA:55,0
DA:59,0
DA:60,0
DA:61,0
DA:65,0
DA:69,0
DA:73,0
DA:74,0
DA:75,0
DA:76,0
DA:77,0
DA:78,0
DA:82,0
DA:83,0
DA:84,0
DA:85,0
DA:86,0
DA:87,0
DA:88,0
DA:92,0
DA:93,0
DA:94,0
DA:95,0
DA:96,0
DA:98,0
DA:100,0
DA:104,0
DA:105,0
DA:106,0
DA:107,0
DA:108,0
DA:109,0
DA:110,0
DA:112,0
DA:117,0
DA:118,0
DA:119,0
DA:120,0
DA:121,0
DA:122,0
DA:123,0
DA:125,0
DA:126,0
DA:128,0
DA:129,0
DA:131,0
DA:132,0
DA:135,0
DA:136,0
DA:137,0
DA:138,0
DA:141,0
DA:143,0
DA:148,0
DA:149,0
DA:150,0
DA:152,0
DA:184,0
DA:185,0
DA:186,0
DA:187,0
DA:206,0
DA:207,0
DA:208,0
DA:209,0
DA:211,0
DA:212,0
DA:213,0
DA:214,0
DA:216,0
DA:217,0
DA:218,0
DA:219,0
DA:221,0
DA:222,0
DA:223,0
DA:224,0
DA:226,0
DA:227,0
DA:228,0
DA:229,0
DA:232,0
DA:236,0
DA:237,0
DA:238,0
DA:242,0
DA:245,0
DA:249,0
DA:264,0
DA:265,0
DA:266,0
DA:267,0
DA:271,0
DA:277,0
DA:281,0
DA:282,0
DA:283,0
DA:284,0
DA:286,0
DA:287,0
DA:288,0
DA:289,0
DA:292,0
DA:293,0
DA:294,0
DA:295,0
DA:296,0
DA:298,0
DA:312,0
DA:318,0
DA:319,0
DA:320,0
DA:326,0
DA:330,0
DA:331,0
DA:332,0
DA:333,0
DA:344,0
DA:350,0
DA:351,0
DA:352,0
DA:353,0
DA:355,0
DA:359,0
LF:145
LH:0
BRDA:14,0,0,0
BRDA:14,0,1,0
BRDA:15,1,0,0
BRDA:15,1,1,0
BRDA:20,2,0,0
BRDA:20,2,1,0
BRDA:26,3,0,0
BRDA:26,3,1,0
BRDA:27,4,0,0
BRDA:27,4,1,0
BRDA:30,5,0,0
BRDA:30,5,1,0
BRDA:35,6,0,0
BRDA:35,6,1,0
BRDA:36,7,0,0
BRDA:36,7,1,0
BRDA:39,8,0,0
BRDA:39,8,1,0
BRDA:43,9,0,0
BRDA:43,9,1,0
BRDA:48,10,0,0
BRDA:48,10,1,0
BRDA:60,11,0,0
BRDA:60,11,1,0
BRDA:65,12,0,0
BRDA:65,12,1,0
BRDA:65,13,0,0
BRDA:65,13,1,0
BRDA:69,14,0,0
BRDA:69,14,1,0
BRDA:74,15,0,0
BRDA:74,15,1,0
BRDA:75,16,0,0
BRDA:75,16,1,0
BRDA:76,17,0,0
BRDA:76,17,1,0
BRDA:77,18,0,0
BRDA:77,18,1,0
BRDA:82,19,0,0
BRDA:82,19,1,0
BRDA:83,20,0,0
BRDA:83,20,1,0
BRDA:85,21,0,0
BRDA:85,21,1,0
BRDA:86,22,0,0
BRDA:86,22,1,0
BRDA:87,23,0,0
BRDA:87,23,1,0
BRDA:87,24,0,0
BRDA:87,24,1,0
BRDA:88,25,0,0
BRDA:88,25,1,0
BRDA:92,26,0,0
BRDA:92,26,1,0
BRDA:94,27,0,0
BRDA:94,27,1,0
BRDA:95,28,0,0
BRDA:95,28,1,0
BRDA:95,29,0,0
BRDA:95,29,1,0
BRDA:109,30,0,0
BRDA:109,30,1,0
BRDA:109,31,0,0
BRDA:109,31,1,0
BRDA:122,32,0,0
BRDA:122,32,1,0
BRDA:125,33,0,0
BRDA:125,33,1,0
BRDA:128,34,0,0
BRDA:128,34,1,0
BRDA:131,35,0,0
BRDA:131,35,1,0
BRDA:136,36,0,0
BRDA:136,36,1,0
BRDA:137,37,0,0
BRDA:137,37,1,0
BRDA:138,38,0,0
BRDA:138,38,1,0
BRDA:153,39,0,0
BRDA:153,39,1,0
BRDA:154,40,0,0
BRDA:154,40,1,0
BRDA:154,40,2,0
BRDA:157,41,0,0
BRDA:157,41,1,0
BRDA:157,41,2,0
BRDA:158,42,0,0
BRDA:158,42,1,0
BRDA:158,43,0,0
BRDA:158,43,1,0
BRDA:159,44,0,0
BRDA:159,44,1,0
BRDA:160,45,0,0
BRDA:160,45,1,0
BRDA:160,45,2,0
BRDA:166,46,0,0
BRDA:166,46,1,0
BRDA:167,47,0,0
BRDA:167,47,1,0
BRDA:167,48,0,0
BRDA:167,48,1,0
BRDA:168,49,0,0
BRDA:168,49,1,0
BRDA:169,50,0,0
BRDA:169,50,1,0
BRDA:170,51,0,0
BRDA:170,51,1,0
BRDA:171,52,0,0
BRDA:171,52,1,0
BRDA:175,53,0,0
BRDA:175,53,1,0
BRDA:176,54,0,0
BRDA:176,54,1,0
BRDA:177,55,0,0
BRDA:177,55,1,0
BRDA:178,56,0,0
BRDA:178,56,1,0
BRDA:201,57,0,0
BRDA:201,57,1,0
BRDA:202,58,0,0
BRDA:202,58,1,0
BRDA:206,59,0,0
BRDA:206,59,1,0
BRDA:211,60,0,0
BRDA:211,60,1,0
BRDA:216,61,0,0
BRDA:216,61,1,0
BRDA:221,62,0,0
BRDA:221,62,1,0
BRDA:226,63,0,0
BRDA:226,63,1,0
BRDA:235,64,0,0
BRDA:242,65,0,0
BRDA:242,65,1,0
BRDA:245,66,0,0
BRDA:245,66,1,0
BRDA:251,67,0,0
BRDA:251,67,1,0
BRDA:251,68,0,0
BRDA:251,68,1,0
BRDA:251,68,2,0
BRDA:252,69,0,0
BRDA:252,69,1,0
BRDA:252,70,0,0
BRDA:252,70,1,0
BRDA:252,71,0,0
BRDA:252,71,1,0
BRDA:253,72,0,0
BRDA:253,72,1,0
BRDA:254,73,0,0
BRDA:254,73,1,0
BRDA:255,74,0,0
BRDA:255,74,1,0
BRDA:255,75,0,0
BRDA:255,75,1,0
BRDA:255,76,0,0
BRDA:255,76,1,0
BRDA:256,77,0,0
BRDA:256,77,1,0
BRDA:256,78,0,0
BRDA:256,78,1,0
BRDA:256,79,0,0
BRDA:256,79,1,0
BRDA:257,80,0,0
BRDA:257,80,1,0
BRDA:264,81,0,0
BRDA:264,81,1,0
BRDA:265,82,0,0
BRDA:265,82,1,0
BRDA:266,83,0,0
BRDA:266,83,1,0
BRDA:281,84,0,0
BRDA:281,84,1,0
BRDA:286,85,0,0
BRDA:286,85,1,0
BRDA:294,86,0,0
BRDA:294,86,1,0
BRDA:302,87,0,0
BRDA:302,87,1,0
BRDA:305,88,0,0
BRDA:305,88,1,0
BRDA:308,89,0,0
BRDA:308,89,1,0
BRDA:318,90,0,0
BRDA:318,90,1,0
BRDA:318,91,0,0
BRDA:318,91,1,0
BRDA:332,92,0,0
BRDA:332,92,1,0
BRDA:351,93,0,0
BRDA:351,93,1,0
BRDA:351,94,0,0
BRDA:351,94,1,0
BRF:193
BRH:0
end_of_record
TN:
SF:src/application/guides/GuideCompanyEmailService.js
FN:11,safeTempName
FN:15,escapeHtml
FN:23,buildEmailHtml
FN:27,(anonymous_3)
FN:43,sendLatestGuidesEmailByCompany
FN:92,(anonymous_5)
FN:95,(anonymous_6)
FN:127,(anonymous_7)
FN:188,(anonymous_8)
FN:218,sendCompanyGuidesEmail
FN:271,(anonymous_10)
FN:297,(anonymous_11)
FN:333,(anonymous_12)
FNF:13
FNH:0
FNDA:0,safeTempName
FNDA:0,escapeHtml
FNDA:0,buildEmailHtml
FNDA:0,(anonymous_3)
FNDA:0,sendLatestGuidesEmailByCompany
FNDA:0,(anonymous_5)
FNDA:0,(anonymous_6)
FNDA:0,(anonymous_7)
FNDA:0,(anonymous_8)
FNDA:0,sendCompanyGuidesEmail
FNDA:0,(anonymous_10)
FNDA:0,(anonymous_11)
FNDA:0,(anonymous_12)
DA:12,0
DA:16,0
DA:24,0
DA:25,0
DA:26,0
DA:27,0
DA:29,0
DA:32,0
DA:44,0
DA:46,0
DA:49,0
DA:50,0
DA:54,0
DA:55,0
DA:56,0
DA:57,0
DA:59,0
DA:60,0
DA:61,0
DA:62,0
DA:65,0
DA:77,0
DA:78,0
DA:90,0
DA:91,0
DA:92,0
DA:94,0
DA:95,0
DA:97,0
DA:107,0
DA:108,0
DA:109,0
DA:110,0
DA:112,0
DA:113,0
DA:115,0
DA:116,0
DA:117,0
DA:119,0
DA:120,0
DA:121,0
DA:123,0
DA:124,0
DA:127,0
DA:128,0
DA:130,0
DA:133,0
DA:138,0
DA:140,0
DA:141,0
DA:151,0
DA:167,0
DA:174,0
DA:175,0
DA:176,0
DA:184,0
DA:186,0
DA:187,0
DA:189,0
DA:190,0
DA:194,0
DA:195,0
DA:219,0
DA:220,0
DA:221,0
DA:222,0
DA:223,0
DA:225,0
DA:226,0
DA:227,0
DA:228,0
DA:231,0
DA:235,0
DA:236,0
DA:237,0
DA:238,0
DA:241,0
DA:242,0
DA:243,0
DA:244,0
DA:245,0
DA:249,0
DA:258,0
DA:259,0
DA:271,0
DA:272,0
DA:277,0
DA:278,0
DA:279,0
DA:280,0
DA:282,0
DA:283,0
DA:285,0
DA:286,0
DA:287,0
DA:289,0
DA:290,0
DA:291,0
DA:293,0
DA:294,0
DA:297,0
DA:298,0
DA:299,0
DA:302,0
DA:303,0
DA:305,0
DA:306,0
DA:311,0
DA:323,0
DA:327,0
DA:328,0
DA:329,0
DA:330,0
DA:332,0
DA:333,0
DA:334,0
DA:336,0
DA:337,0
LF:118
LH:0
BRDA:12,0,0,0
BRDA:12,0,1,0
BRDA:16,1,0,0
BRDA:16,1,1,0
BRDA:29,2,0,0
BRDA:29,2,1,0
BRDA:44,3,0,0
BRDA:44,3,1,0
BRDA:46,4,0,0
BRDA:46,4,1,0
BRDA:46,5,0,0
BRDA:46,5,1,0
BRDA:54,6,0,0
BRDA:54,6,1,0
BRDA:59,7,0,0
BRDA:59,7,1,0
BRDA:77,8,0,0
BRDA:77,8,1,0
BRDA:90,9,0,0
BRDA:90,9,1,0
BRDA:91,10,0,0
BRDA:91,10,1,0
BRDA:94,11,0,0
BRDA:94,11,1,0
BRDA:116,12,0,0
BRDA:116,12,1,0
BRDA:119,13,0,0
BRDA:119,13,1,0
BRDA:120,14,0,0
BRDA:120,14,1,0
BRDA:130,15,0,0
BRDA:130,15,1,0
BRDA:131,16,0,0
BRDA:131,16,1,0
BRDA:132,17,0,0
BRDA:132,17,1,0
BRDA:135,18,0,0
BRDA:135,18,1,0
BRDA:160,19,0,0
BRDA:160,19,1,0
BRDA:171,20,0,0
BRDA:171,20,1,0
BRDA:174,21,0,0
BRDA:174,21,1,0
BRDA:175,22,0,0
BRDA:175,22,1,0
BRDA:179,23,0,0
BRDA:179,23,1,0
BRDA:189,24,0,0
BRDA:189,24,1,0
BRDA:189,25,0,0
BRDA:189,25,1,0
BRDA:194,26,0,0
BRDA:194,26,1,0
BRDA:194,27,0,0
BRDA:194,27,1,0
BRDA:220,28,0,0
BRDA:220,28,1,0
BRDA:225,29,0,0
BRDA:225,29,1,0
BRDA:225,30,0,0
BRDA:225,30,1,0
BRDA:235,31,0,0
BRDA:235,31,1,0
BRDA:242,32,0,0
BRDA:242,32,1,0
BRDA:258,33,0,0
BRDA:258,33,1,0
BRDA:286,34,0,0
BRDA:286,34,1,0
BRDA:289,35,0,0
BRDA:289,35,1,0
BRDA:290,36,0,0
BRDA:290,36,1,0
BRDA:299,37,0,0
BRDA:299,37,1,0
BRDA:325,38,0,0
BRDA:325,38,1,0
BRDA:327,39,0,0
BRDA:327,39,1,0
BRDA:328,40,0,0
BRDA:328,40,1,0
BRDA:334,41,0,0
BRDA:334,41,1,0
BRDA:334,42,0,0
BRDA:334,42,1,0
BRDA:336,43,0,0
BRDA:336,43,1,0
BRDA:336,44,0,0
BRDA:336,44,1,0
BRF:90
BRH:0
end_of_record
TN:
SF:src/application/guides/GuideLockService.js
FN:3,tryAcquireGuideLock
FN:29,releaseGuideLock
FN:35,(anonymous_2)
FNF:3
FNH:0
FNDA:0,tryAcquireGuideLock
FNDA:0,releaseGuideLock
FNDA:0,(anonymous_2)
DA:4,0
DA:5,0
DA:6,0
DA:7,0
DA:8,0
DA:9,0
DA:15,0
DA:17,0
DA:19,0
DA:26,0
DA:30,0
LF:11
LH:0
BRDA:4,0,0,0
BRDA:4,0,1,0
BRDA:5,1,0,0
BRDA:5,1,1,0
BRDA:7,2,0,0
BRDA:7,2,1,0
BRDA:17,3,0,0
BRDA:17,3,1,0
BRF:8
BRH:0
end_of_record
TN:
SF:src/application/guides/GuideParserClient.js
FN:11,ensurePdfReaderConfigured
FN:19,normalizeParserPayload
FN:53,(anonymous_2)
FN:57,(anonymous_3)
FN:61,(anonymous_4)
FN:67,(anonymous_5)
FN:74,(anonymous_6)
FNF:7
FNH:0
FNDA:0,ensurePdfReaderConfigured
FNDA:0,normalizeParserPayload
FNDA:0,(anonymous_2)
FNDA:0,(anonymous_3)
FNDA:0,(anonymous_4)
FNDA:0,(anonymous_5)
FNDA:0,(anonymous_6)
DA:12,0
DA:13,0
DA:14,0
DA:15,0
DA:20,0
DA:21,0
DA:22,0
DA:23,0
DA:24,0
DA:25,0
DA:26,0
DA:54,0
DA:58,0
DA:62,0
DA:63,0
DA:64,0
DA:68,0
DA:69,0
DA:70,0
DA:71,0
DA:75,0
DA:76,0
DA:77,0
DA:78,0
DA:80,0
DA:81,0
DA:88,0
DA:89,0
DA:90,0
DA:91,0
DA:92,0
DA:94,0
DA:95,0
DA:96,0
DA:97,0
DA:98,0
DA:99,0
DA:100,0
DA:102,0
DA:103,0
DA:104,0
DA:107,0
LF:42
LH:0
BRDA:12,0,0,0
BRDA:12,0,1,0
BRDA:12,1,0,0
BRDA:12,1,1,0
BRDA:20,2,0,0
BRDA:20,2,1,0
BRDA:20,3,0,0
BRDA:20,3,1,0
BRDA:23,4,0,0
BRDA:23,4,1,0
BRDA:23,5,0,0
BRDA:23,5,1,0
BRDA:25,6,0,0
BRDA:25,6,1,0
BRDA:31,7,0,0
BRDA:31,7,1,0
BRDA:31,8,0,0
BRDA:31,8,1,0
BRDA:34,9,0,0
BRDA:34,9,1,0
BRDA:35,10,0,0
BRDA:35,10,1,0
BRDA:36,11,0,0
BRDA:36,11,1,0
BRDA:37,12,0,0
BRDA:37,12,1,0
BRDA:38,13,0,0
BRDA:38,13,1,0
BRDA:41,14,0,0
BRDA:41,14,1,0
BRDA:42,15,0,0
BRDA:42,15,1,0
BRDA:42,16,0,0
BRDA:42,16,1,0
BRDA:53,17,0,0
BRDA:54,18,0,0
BRDA:54,18,1,0
BRDA:54,19,0,0
BRDA:54,19,1,0
BRDA:61,20,0,0
BRDA:62,21,0,0
BRDA:62,21,1,0
BRDA:62,22,0,0
BRDA:62,22,1,0
BRDA:62,22,2,0
BRDA:75,23,0,0
BRDA:75,23,1,0
BRDA:75,24,0,0
BRDA:75,24,1,0
BRDA:84,25,0,0
BRDA:84,25,1,0
BRDA:88,26,0,0
BRDA:88,26,1,0
BRDA:89,27,0,0
BRDA:89,27,1,0
BRDA:94,28,0,0
BRDA:94,28,1,0
BRF:57
BRH:0
end_of_record
TN:
SF:src/application/guides/GuidePaymentStatusService.js
FN:3,normalizeValue
FN:7,getGuideDueDate
FN:18,isGuidePaid
FN:22,isGuideOverdue
FN:29,canGuideConfirmPayment
FN:33,canGuideRecalculate
FN:40,updateGuidePaymentStatus
FN:47,markGuidePaidManual
FN:57,markGuidePaidBySerpro
FN:69,markGuideOverdueBySerpro
FN:80,markGuideOpenBySerpro
FNF:11
FNH:0
FNDA:0,normalizeValue
FNDA:0,getGuideDueDate
FNDA:0,isGuidePaid
FNDA:0,isGuideOverdue
FNDA:0,canGuideConfirmPayment
FNDA:0,canGuideRecalculate
FNDA:0,updateGuidePaymentStatus
FNDA:0,markGuidePaidManual
FNDA:0,markGuidePaidBySerpro
FNDA:0,markGuideOverdueBySerpro
FNDA:0,markGuideOpenBySerpro
DA:4,0
DA:8,0
DA:9,0
DA:10,0
DA:11,0
DA:12,0
DA:13,0
DA:14,0
DA:15,0
DA:19,0
DA:23,0
DA:24,0
DA:25,0
DA:26,0
DA:30,0
DA:34,0
DA:35,0
DA:36,0
DA:37,0
DA:41,0
DA:48,0
DA:58,0
DA:59,0
DA:70,0
DA:71,0
DA:81,0
DA:82,0
LF:27
LH:0
BRDA:4,0,0,0
BRDA:4,0,1,0
BRDA:7,1,0,0
BRDA:8,2,0,0
BRDA:8,2,1,0
BRDA:9,3,0,0
BRDA:9,3,1,0
BRDA:11,4,0,0
BRDA:11,4,1,0
BRDA:14,5,0,0
BRDA:14,5,1,0
BRDA:14,6,0,0
BRDA:14,6,1,0
BRDA:22,7,0,0
BRDA:23,8,0,0
BRDA:23,8,1,0
BRDA:25,9,0,0
BRDA:25,9,1,0
BRDA:33,10,0,0
BRDA:34,11,0,0
BRDA:34,11,1,0
BRDA:35,12,0,0
BRDA:35,12,1,0
BRDA:36,13,0,0
BRDA:36,13,1,0
BRF:25
BRH:0
end_of_record
TN:
SF:src/application/guides/GuideRuntimeSettings.js
FN:3,getGuideRuntimeSettings
FN:10,updateGuideRuntimeSettings
FNF:2
FNH:0
FNDA:0,getGuideRuntimeSettings
FNDA:0,updateGuideRuntimeSettings
DA:4,0
DA:11,0
LF:2
LH:0
BRDA:6,0,0,0
BRDA:6,0,1,0
BRF:2
BRH:0
end_of_record
TN:
SF:src/application/guides/GuideScheduledEmailService.js
FN:8,normalizeScheduleDays
FN:10,(anonymous_1)
FN:10,(anonymous_2)
FN:11,(anonymous_3)
FN:15,acquireScheduleLock
FN:19,releaseScheduleLock
FN:23,isAdminLikeUser
FN:28,getCompanyGuideEmailSchedule
FN:39,setCompanyGuideEmailSchedule
FN:54,resolveCompanyNotificationEmail
FN:89,listEligiblePortalCompaniesForUser
FN:102,(anonymous_11)
FN:105,runScheduledGuideEmailDispatch
FN:202,(anonymous_13)
FN:203,(anonymous_14)
FN:205,(anonymous_15)
FN:207,(anonymous_16)
FN:209,(anonymous_17)
FN:213,(anonymous_18)
FNF:19
FNH:0
FNDA:0,normalizeScheduleDays
FNDA:0,(anonymous_1)
FNDA:0,(anonymous_2)
FNDA:0,(anonymous_3)
FNDA:0,acquireScheduleLock
FNDA:0,releaseScheduleLock
FNDA:0,isAdminLikeUser
FNDA:0,getCompanyGuideEmailSchedule
FNDA:0,setCompanyGuideEmailSchedule
FNDA:0,resolveCompanyNotificationEmail
FNDA:0,listEligiblePortalCompaniesForUser
FNDA:0,(anonymous_11)
FNDA:0,runScheduledGuideEmailDispatch
FNDA:0,(anonymous_13)
FNDA:0,(anonymous_14)
FNDA:0,(anonymous_15)
FNDA:0,(anonymous_16)
FNDA:0,(anonymous_17)
FNDA:0,(anonymous_18)
DA:5,0
DA:6,0
DA:9,0
DA:10,0
DA:11,0
DA:12,0
DA:16,0
DA:20,0
DA:24,0
DA:25,0
DA:29,0
DA:30,0
DA:31,0
DA:32,0
DA:40,0
DA:41,0
DA:46,0
DA:51,0
DA:55,0
DA:59,0
DA:62,0
DA:63,0
DA:64,0
[...]
BRDA:1543,252,0,0
BRDA:1543,252,1,0
BRDA:1554,253,0,0
BRDA:1554,253,1,0
BRDA:1554,254,0,0
BRDA:1554,254,1,0
BRDA:1569,255,0,0
BRDA:1569,255,1,0
BRDA:1584,256,0,0
BRDA:1584,256,1,0
BRDA:1586,257,0,0
BRDA:1586,257,1,0
BRDA:1604,258,0,0
BRDA:1604,258,1,0
BRDA:1604,258,2,0
BRDA:1624,259,0,0
BRDA:1624,259,1,0
BRDA:1627,260,0,0
BRDA:1627,260,1,0
BRDA:1631,261,0,0
BRDA:1631,261,1,0
BRDA:1632,262,0,0
BRDA:1632,262,1,0
BRDA:1634,263,0,0
BRDA:1634,263,1,0
BRDA:1635,264,0,0
BRDA:1635,264,1,0
BRDA:1637,265,0,0
BRDA:1637,265,1,0
BRDA:1638,266,0,0
BRDA:1638,266,1,0
BRDA:1639,267,0,0
BRDA:1639,267,1,0
BRDA:1640,268,0,0
BRDA:1640,268,1,0
BRDA:1642,269,0,0
BRDA:1642,269,1,0
BRDA:1642,270,0,0
BRDA:1642,270,1,0
BRDA:1644,271,0,0
BRDA:1644,271,1,0
BRDA:1655,272,0,0
BRDA:1655,272,1,0
BRDA:1663,273,0,0
BRDA:1663,273,1,0
BRDA:1664,274,0,0
BRDA:1664,274,1,0
BRDA:1664,275,0,0
BRDA:1664,275,1,0
BRDA:1669,276,0,0
BRDA:1669,276,1,0
BRDA:1677,277,0,0
BRDA:1677,277,1,0
BRDA:1686,278,0,0
BRDA:1686,278,1,0
BRDA:1687,279,0,0
BRDA:1687,279,1,0
BRDA:1690,280,0,0
BRDA:1690,280,1,0
BRDA:1691,281,0,0
BRDA:1691,281,1,0
BRDA:1696,282,0,0
BRDA:1696,282,1,0
BRDA:1697,283,0,0
BRDA:1697,283,1,0
BRDA:1698,284,0,0
BRDA:1698,284,1,0
BRDA:1698,285,0,0
BRDA:1698,285,1,0
BRDA:1707,286,0,0
BRDA:1707,286,1,0
BRDA:1710,287,0,0
BRDA:1710,287,1,0
BRDA:1715,288,0,0
BRDA:1715,288,1,0
BRDA:1726,289,0,0
BRDA:1726,289,1,0
BRDA:1730,290,0,0
BRDA:1730,290,1,0
BRDA:1732,291,0,0
BRDA:1732,291,1,0
BRDA:1737,292,0,0
BRDA:1737,292,1,0
BRDA:1750,293,0,0
BRDA:1750,293,1,0
BRDA:1751,294,0,0
BRDA:1751,294,1,0
BRDA:1754,295,0,0
BRDA:1754,295,1,0
BRDA:1758,296,0,0
BRDA:1758,296,1,0
BRDA:1760,297,0,0
BRDA:1760,297,1,0
BRDA:1761,298,0,0
BRDA:1761,298,1,0
BRDA:1761,299,0,0
BRDA:1761,299,1,0
BRDA:1762,300,0,0
BRDA:1762,300,1,0
BRDA:1762,301,0,0
BRDA:1762,301,1,0
BRDA:1763,302,0,0
BRDA:1763,302,1,0
BRDA:1763,303,0,0
BRDA:1763,303,1,0
BRDA:1764,304,0,0
BRDA:1764,304,1,0
BRDA:1765,305,0,0
BRDA:1765,305,1,0
BRDA:1767,306,0,0
BRDA:1767,306,1,0
BRDA:1767,307,0,0
BRDA:1767,307,1,0
BRDA:1777,308,0,0
BRDA:1777,308,1,0
BRDA:1778,309,0,0
BRDA:1778,309,1,0
BRDA:1778,310,0,0
BRDA:1778,310,1,0
BRDA:1782,311,0,0
BRDA:1782,311,1,0
BRDA:1792,312,0,0
BRDA:1792,312,1,0
BRDA:1804,313,0,0
BRDA:1804,313,1,0
BRDA:1808,314,0,0
BRDA:1808,314,1,0
BRDA:1810,315,0,0
BRDA:1810,315,1,0
BRDA:1811,316,0,0
BRDA:1811,316,1,0
BRDA:1811,317,0,0
BRDA:1811,317,1,0
BRDA:1826,318,0,0
BRDA:1826,318,1,0
BRDA:1827,319,0,0
BRDA:1827,319,1,0
BRDA:1828,320,0,0
BRDA:1828,320,1,0
BRDA:1828,320,2,0
BRDA:1831,321,0,0
BRDA:1831,321,1,0
BRDA:1832,322,0,0
BRDA:1832,322,1,0
BRDA:1835,323,0,0
BRDA:1835,323,1,0
BRDA:1840,324,0,0
BRDA:1840,324,1,0
BRDA:1850,325,0,0
BRDA:1850,325,1,0
BRDA:1851,326,0,0
BRDA:1851,326,1,0
BRDA:1851,327,0,0
BRDA:1851,327,1,0
BRDA:1856,328,0,0
BRDA:1856,328,1,0
BRDA:1864,329,0,0
BRDA:1864,329,1,0
BRDA:1903,330,0,0
BRDA:1903,330,1,0
BRDA:1914,331,0,0
BRDA:1914,331,1,0
BRDA:1916,332,0,0
BRDA:1916,332,1,0
BRDA:1917,333,0,0
BRDA:1917,333,1,0
BRDA:1933,334,0,0
BRDA:1933,334,1,0
BRDA:1935,335,0,0
BRDA:1935,335,1,0
BRDA:1936,336,0,0
BRDA:1936,336,1,0
BRDA:1939,337,0,0
BRDA:1939,337,1,0
BRDA:1962,338,0,0
BRDA:1962,338,1,0
BRDA:1963,339,0,0
BRDA:1963,339,1,0
BRDA:1965,340,0,0
BRDA:1965,340,1,0
BRDA:1989,341,0,0
BRDA:1989,341,1,0
BRDA:1999,342,0,0
BRDA:1999,342,1,0
BRDA:2001,343,0,0
BRDA:2001,343,1,0
BRDA:2003,344,0,0
BRDA:2003,344,1,0
BRDA:2009,345,0,0
BRDA:2009,345,1,0
BRDA:2028,346,0,0
BRDA:2028,346,1,0
BRDA:2033,347,0,0
BRDA:2033,347,1,0
BRDA:2035,348,0,0
BRDA:2035,348,1,0
BRDA:2037,349,0,0
BRDA:2037,349,1,0
BRDA:2042,350,0,0
BRDA:2042,350,1,0
BRDA:2058,351,0,0
BRDA:2058,351,1,0
BRDA:2059,352,0,0
BRDA:2059,352,1,0
BRDA:2064,353,0,0
BRDA:2064,353,1,0
BRDA:2074,354,0,0
BRDA:2074,354,1,0
BRDA:2075,355,0,0
BRDA:2075,355,1,0
BRDA:2075,356,0,0
BRDA:2075,356,1,0
BRDA:2080,357,0,0
BRDA:2080,357,1,0
BRDA:2097,358,0,0
BRDA:2097,358,1,0
BRDA:2098,359,0,0
BRDA:2098,359,1,0
BRDA:2108,360,0,0
BRDA:2108,360,1,0
BRDA:2109,361,0,0
BRDA:2109,361,1,0
BRDA:2109,361,2,0
BRDA:2110,362,0,0
BRDA:2110,362,1,0
BRDA:2110,362,2,0
BRDA:2111,363,0,0
BRDA:2111,363,1,0
BRDA:2111,364,0,0
BRDA:2111,364,1,0
BRDA:2111,364,2,0
BRDA:2113,365,0,0
BRDA:2113,365,1,0
BRDA:2116,366,0,0
BRDA:2116,366,1,0
BRDA:2124,367,0,0
BRDA:2124,367,1,0
BRDA:2132,368,0,0
BRDA:2132,368,1,0
BRDA:2133,369,0,0
BRDA:2133,369,1,0
BRDA:2135,370,0,0
BRDA:2135,370,1,0
BRDA:2157,371,0,0
BRDA:2157,371,1,0
BRDA:2161,372,0,0
BRDA:2161,372,1,0
BRDA:2171,373,0,0
BRDA:2171,373,1,0
BRDA:2172,374,0,0
BRDA:2172,374,1,0
BRDA:2172,374,2,0
BRDA:2173,375,0,0
BRDA:2173,375,1,0
BRDA:2173,375,2,0
BRDA:2175,376,0,0
BRDA:2175,376,1,0
BRDA:2178,377,0,0
BRDA:2178,377,1,0
BRDA:2186,378,0,0
BRDA:2186,378,1,0
BRDA:2193,379,0,0
BRDA:2193,379,1,0
BRDA:2194,380,0,0
BRDA:2194,380,1,0
BRDA:2196,381,0,0
BRDA:2196,381,1,0
BRDA:2214,382,0,0
BRDA:2214,382,1,0
BRDA:2218,383,0,0
BRDA:2218,383,1,0
BRDA:2228,384,0,0
BRDA:2228,384,1,0
BRDA:2229,385,0,0
BRDA:2229,385,1,0
BRDA:2241,386,0,0
BRDA:2241,386,1,0
BRDA:2242,387,0,0
BRDA:2242,387,1,0
BRDA:2242,387,2,0
BRDA:2244,388,0,0
BRDA:2244,388,1,0
BRDA:2252,389,0,0
BRDA:2252,389,1,0
BRDA:2256,390,0,0
BRDA:2256,390,1,0
BRDA:2257,391,0,0
BRDA:2257,391,1,0
BRDA:2259,392,0,0
BRDA:2259,392,1,0
BRDA:2275,393,0,0
BRDA:2275,393,1,0
BRDA:2279,394,0,0
BRDA:2279,394,1,0
BRDA:2289,395,0,0
BRDA:2289,395,1,0
BRDA:2290,396,0,0
BRDA:2290,396,1,0
BRDA:2291,397,0,0
BRDA:2291,397,1,0
BRDA:2305,398,0,0
BRDA:2305,398,1,0
BRDA:2305,399,0,0
BRDA:2305,399,1,0
BRDA:2313,400,0,0
BRDA:2313,400,1,0
BRDA:2314,401,0,0
BRDA:2314,401,1,0
BRDA:2315,402,0,0
BRDA:2315,402,1,0
BRDA:2316,403,0,0
BRDA:2316,403,1,0
BRDA:2332,404,0,0
BRDA:2332,404,1,0
BRDA:2333,405,0,0
BRDA:2333,405,1,0
BRDA:2339,406,0,0
BRDA:2339,406,1,0
BRDA:2342,407,0,0
BRDA:2342,407,1,0
BRDA:2360,408,0,0
BRDA:2360,408,1,0
BRDA:2361,409,0,0
BRDA:2361,409,1,0
BRDA:2362,410,0,0
BRDA:2362,410,1,0
BRDA:2363,411,0,0
BRDA:2363,411,1,0
BRDA:2366,412,0,0
BRDA:2366,412,1,0
BRDA:2368,413,0,0
BRDA:2368,413,1,0
BRDA:2376,414,0,0
BRDA:2376,414,1,0
BRDA:2389,415,0,0
BRDA:2389,415,1,0
BRDA:2389,416,0,0
BRDA:2389,416,1,0
BRDA:2395,417,0,0
BRDA:2395,417,1,0
BRDA:2395,418,0,0
BRDA:2395,418,1,0
BRDA:2406,419,0,0
BRDA:2406,419,1,0
BRDA:2407,420,0,0
BRDA:2407,420,1,0
BRDA:2408,421,0,0
BRDA:2408,421,1,0
BRDA:2415,422,0,0
BRDA:2415,422,1,0
BRDA:2415,422,2,0
BRDA:2415,423,0,0
BRDA:2415,423,1,0
BRDA:2416,424,0,0
BRDA:2416,424,1,0
BRDA:2418,425,0,0
BRDA:2418,425,1,0
BRDA:2418,425,2,0
BRDA:2419,426,0,0
BRDA:2419,426,1,0
BRDA:2419,427,0,0
BRDA:2419,427,1,0
BRDA:2423,428,0,0
BRDA:2423,428,1,0
BRDA:2423,428,2,0
BRDA:2435,429,0,0
BRDA:2435,429,1,0
BRDA:2435,430,0,0
BRDA:2435,430,1,0
BRDA:2448,431,0,0
BRDA:2448,431,1,0
BRDA:2449,432,0,0
BRDA:2449,432,1,0
BRDA:2450,433,0,0
BRDA:2450,433,1,0
BRDA:2450,433,2,0
BRDA:2451,434,0,0
BRDA:2451,434,1,0
BRDA:2451,435,0,0
BRDA:2451,435,1,0
BRDA:2451,435,2,0
BRDA:2452,436,0,0
BRDA:2452,436,1,0
BRDA:2452,437,0,0
BRDA:2452,437,1,0
BRDA:2452,437,2,0
BRDA:2454,438,0,0
BRDA:2454,438,1,0
BRDA:2457,439,0,0
BRDA:2457,439,1,0
BRDA:2460,440,0,0
BRDA:2460,440,1,0
BRDA:2467,441,0,0
BRDA:2467,441,1,0
BRDA:2468,442,0,0
BRDA:2468,442,1,0
BRDA:2473,443,0,0
BRDA:2473,443,1,0
BRDA:2474,444,0,0
BRDA:2474,444,1,0
BRDA:2496,445,0,0
BRDA:2496,445,1,0
BRDA:2500,446,0,0
BRDA:2500,446,1,0
BRDA:2505,447,0,0
BRDA:2505,447,1,0
BRDA:2517,448,0,0
BRDA:2517,448,1,0
BRDA:2518,449,0,0
BRDA:2518,449,1,0
BRDA:2518,450,0,0
BRDA:2518,450,1,0
BRDA:2519,451,0,0
BRDA:2519,451,1,0
BRDA:2519,452,0,0
BRDA:2519,452,1,0
BRDA:2521,453,0,0
BRDA:2521,453,1,0
BRDA:2523,454,0,0
BRDA:2523,454,1,0
BRDA:2529,455,0,0
BRDA:2529,455,1,0
BRDA:2530,456,0,0
BRDA:2530,456,1,0
BRDA:2540,457,0,0
BRDA:2540,457,1,0
BRDA:2561,458,0,0
BRDA:2561,458,1,0
BRDA:2583,459,0,0
BRDA:2583,459,1,0
BRDA:2593,460,0,0
BRDA:2593,460,1,0
BRDA:2594,461,0,0
BRDA:2594,461,1,0
BRDA:2595,462,0,0
BRDA:2595,462,1,0
BRDA:2596,463,0,0
BRDA:2596,463,1,0
BRDA:2597,464,0,0
BRDA:2597,464,1,0
BRDA:2598,465,0,0
BRDA:2598,465,1,0
BRDA:2600,466,0,0
BRDA:2600,466,1,0
BRDA:2601,467,0,0
BRDA:2601,467,1,0
BRDA:2602,468,0,0
BRDA:2602,468,1,0
BRDA:2613,469,0,0
BRDA:2613,469,1,0
BRDA:2621,470,0,0
BRDA:2621,470,1,0
BRDA:2623,471,0,0
BRDA:2623,471,1,0
BRDA:2627,472,0,0
BRDA:2627,472,1,0
BRDA:2630,473,0,0
BRDA:2630,473,1,0
BRDA:2631,474,0,0
BRDA:2631,474,1,0
BRDA:2632,475,0,0
BRDA:2632,475,1,0
BRDA:2633,476,0,0
BRDA:2633,476,1,0
BRDA:2633,477,0,0
BRDA:2633,477,1,0
BRDA:2646,478,0,0
BRDA:2646,478,1,0
BRDA:2651,479,0,0
BRDA:2651,479,1,0
BRDA:2658,480,0,0
BRDA:2658,480,1,0
BRDA:2659,481,0,0
BRDA:2659,481,1,0
BRDA:2667,482,0,0
BRDA:2667,482,1,0
BRDA:2668,483,0,0
BRDA:2668,483,1,0
BRDA:2669,484,0,0
BRDA:2669,484,1,0
BRF:996
BRH:0
end_of_record
TN:
SF:src/routes/firm/notas.js
FN:28,bad
FN:32,decimalToString
FN:37,serializeCompetencia
FN:55,serializeProcuracao
FN:68,serializePendencia
FN:82,createNotasRouter
FN:87,(anonymous_6)
FN:94,(anonymous_7)
FN:101,(anonymous_8)
FN:136,(anonymous_9)
FN:154,(anonymous_10)
FN:157,(anonymous_11)
FN:163,(anonymous_12)
FN:171,(anonymous_13)
FN:178,(anonymous_14)
FN:180,(anonymous_15)
FN:191,(anonymous_16)
FN:212,(anonymous_17)
FN:238,(anonymous_18)
FN:264,(anonymous_19)
FN:275,(anonymous_20)
FNF:21
FNH:0
FNDA:0,bad
FNDA:0,decimalToString
FNDA:0,serializeCompetencia
FNDA:0,serializeProcuracao
FNDA:0,serializePendencia
FNDA:0,createNotasRouter
FNDA:0,(anonymous_6)
FNDA:0,(anonymous_7)
FNDA:0,(anonymous_8)
FNDA:0,(anonymous_9)
FNDA:0,(anonymous_10)
FNDA:0,(anonymous_11)
FNDA:0,(anonymous_12)
FNDA:0,(anonymous_13)
FNDA:0,(anonymous_14)
FNDA:0,(anonymous_15)
FNDA:0,(anonymous_16)
FNDA:0,(anonymous_17)
FNDA:0,(anonymous_18)
FNDA:0,(anonymous_19)
FNDA:0,(anonymous_20)
DA:26,0
DA:29,0
DA:33,0
DA:34,0
DA:38,0
DA:39,0
DA:56,0
DA:69,0
DA:83,0
DA:87,0
DA:88,0
DA:89,0
DA:94,0
DA:95,0
DA:96,0
DA:98,0
DA:101,0
DA:102,0
DA:103,0
DA:104,0
DA:105,0
DA:107,0
DA:108,0
DA:109,0
DA:110,0
DA:111,0
DA:113,0
DA:114,0
DA:129,0
DA:131,0
DA:132,0
DA:136,0
DA:137,0
DA:138,0
DA:139,0
DA:140,0
DA:141,0
DA:143,0
DA:147,0
DA:154,0
DA:155,0
DA:156,0
DA:157,0
DA:158,0
DA:160,0
DA:163,0
DA:166,0
DA:171,0
DA:173,0
DA:178,0
DA:180,0
DA:188,0
DA:191,0
DA:192,0
DA:193,0
DA:194,0
DA:195,0
DA:197,0
DA:198,0
DA:199,0
DA:202,0
DA:212,0
DA:213,0
DA:214,0
DA:215,0
DA:216,0
DA:219,0
DA:220,0
DA:221,0
DA:222,0
DA:223,0
DA:225,0
DA:228,0
DA:230,0
DA:231,0
DA:233,0
DA:234,0
DA:238,0
DA:239,0
DA:240,0
DA:241,0
DA:242,0
DA:243,0
DA:245,0
DA:246,0
DA:248,0
DA:249,0
DA:252,0
DA:254,0
DA:255,0
DA:257,0
DA:258,0
DA:264,0
DA:265,0
DA:266,0
DA:267,0
DA:272,0
DA:275,0
DA:276,0
DA:277,0
DA:278,0
DA:279,0
DA:280,0
DA:282,0
DA:290,0
DA:293,0
LF:106
LH:0
BRDA:28,0,0,0
BRDA:33,1,0,0
BRDA:33,1,1,0
BRDA:34,2,0,0
BRDA:34,2,1,0
BRDA:34,3,0,0
BRDA:34,3,1,0
BRDA:38,4,0,0
BRDA:38,4,1,0
BRDA:64,5,0,0
BRDA:64,5,1,0
BRDA:103,6,0,0
BRDA:103,6,1,0
BRDA:104,7,0,0
BRDA:104,7,1,0
BRDA:108,8,0,0
BRDA:108,8,1,0
BRDA:110,9,0,0
BRDA:110,9,1,0
BRDA:119,10,0,0
BRDA:119,10,1,0
BRDA:121,11,0,0
BRDA:121,11,1,0
BRDA:125,12,0,0
BRDA:125,12,1,0
BRDA:132,13,0,0
BRDA:132,13,1,0
BRDA:140,14,0,0
BRDA:140,14,1,0
BRDA:140,15,0,0
BRDA:140,15,1,0
BRDA:156,16,0,0
BRDA:156,16,1,0
BRDA:181,17,0,0
BRDA:181,17,1,0
BRDA:185,18,0,0
BRDA:185,18,1,0
BRDA:186,19,0,0
BRDA:186,19,1,0
BRDA:194,20,0,0
BRDA:194,20,1,0
BRDA:215,21,0,0
BRDA:215,21,1,0
BRDA:221,22,0,0
BRDA:221,22,1,0
BRDA:230,23,0,0
BRDA:230,23,1,0
BRDA:230,24,0,0
BRDA:230,24,1,0
BRDA:234,25,0,0
BRDA:234,25,1,0
BRDA:241,26,0,0
BRDA:241,26,1,0
BRDA:242,27,0,0
BRDA:242,27,1,0
BRDA:245,28,0,0
BRDA:245,28,1,0
BRDA:245,29,0,0
BRDA:245,29,1,0
BRDA:254,30,0,0
BRDA:254,30,1,0
BRDA:254,31,0,0
BRDA:254,31,1,0
BRDA:258,32,0,0
BRDA:258,32,1,0
BRDA:266,33,0,0
BRDA:266,33,1,0
BRDA:268,34,0,0
BRDA:268,34,1,0
BRDA:279,35,0,0
BRDA:279,35,1,0
BRDA:279,36,0,0
BRDA:279,36,1,0
BRDA:287,37,0,0
BRDA:287,37,1,0
BRF:75
BRH:0
end_of_record
TN:
SF:src/routes/middlewares/auth.js
FN:1,extractApiKey
FN:7,extractBearerToken
FN:13,serializeUser
FN:15,(anonymous_3)
FN:29,createEnsureAuthorized
FN:30,ensureAuthorized
FNF:6
FNH:0
FNDA:0,extractApiKey
FNDA:0,extractBearerToken
FNDA:0,serializeUser
FNDA:0,(anonymous_3)
FNDA:0,createEnsureAuthorized
FNDA:0,ensureAuthorized
DA:2,0
DA:3,0
DA:4,0
DA:8,0
DA:9,0
DA:10,0
DA:14,0
DA:15,0
DA:16,0
DA:17,0
DA:30,0
DA:31,0
DA:32,0
DA:33,0
DA:34,0
DA:35,0
DA:36,0
DA:37,0
DA:40,0
DA:41,0
DA:42,0
DA:43,0
DA:44,0
DA:45,0
DA:46,0
DA:48,0
DA:49,0
DA:50,0
DA:51,0
DA:52,0
DA:54,0
DA:55,0
DA:57,0
DA:58,0
DA:60,0
DA:61,0
DA:63,0
DA:64,0
DA:65,0
DA:69,0
DA:70,0
DA:71,0
DA:72,0
DA:73,0
DA:77,0
DA:78,0
DA:79,0
LF:47
LH:0
BRDA:2,0,0,0
BRDA:2,0,1,0
BRDA:3,1,0,0
BRDA:3,1,1,0
BRDA:8,2,0,0
BRDA:8,2,1,0
BRDA:10,3,0,0
BRDA:10,3,1,0
BRDA:14,4,0,0
BRDA:14,4,1,0
BRDA:16,5,0,0
BRDA:16,5,1,0
BRDA:29,6,0,0
BRDA:30,7,0,0
BRDA:31,8,0,0
BRDA:34,9,0,0
BRDA:34,9,1,0
BRDA:34,10,0,0
BRDA:34,10,1,0
BRDA:41,11,0,0
BRDA:41,11,1,0
BRDA:43,12,0,0
BRDA:43,12,1,0
BRDA:50,13,0,0
BRDA:50,13,1,0
BRDA:54,14,0,0
BRDA:54,14,1,0
BRDA:54,15,0,0
BRDA:54,15,1,0
BRDA:57,16,0,0
BRDA:57,16,1,0
BRDA:57,17,0,0
BRDA:57,17,1,0
BRDA:69,18,0,0
BRDA:69,18,1,0
BRDA:69,19,0,0
BRDA:69,19,1,0
BRDA:71,20,0,0
BRDA:71,20,1,0
BRDA:71,21,0,0
BRDA:71,21,1,0
BRF:41
BRH:0
end_of_record
TN:
SF:src/routes/middlewares/portalAccess.js
FN:3,getAuthUser
FN:7,isAdminLike
FN:12,isCliente
FN:17,ensurePortalClientAccess
FN:75,buildPortalClientWhereForUser
FN:90,(anonymous_5)
FN:96,(anonymous_6)
FN:102,(anonymous_7)
FN:109,listAccessibleLegacyCompanyIds
FN:123,(anonymous_9)
FN:146,ensureLegacyCompanyAccess
FN:168,ensureLegacyCompanyCnpjAccess
FNF:12
FNH:0
FNDA:0,getAuthUser
FNDA:0,isAdminLike
FNDA:0,isCliente
FNDA:0,ensurePortalClientAccess
FNDA:0,buildPortalClientWhereForUser
FNDA:0,(anonymous_5)
FNDA:0,(anonymous_6)
FNDA:0,(anonymous_7)
FNDA:0,listAccessibleLegacyCompanyIds
FNDA:0,(anonymous_9)
FNDA:0,ensureLegacyCompanyAccess
FNDA:0,ensureLegacyCompanyCnpjAccess
DA:4,0
DA:8,0
DA:9,0
DA:13,0
DA:14,0
DA:18,0
DA:19,0
DA:20,0
DA:21,0
DA:24,0
DA:26,0
DA:27,0
DA:38,0
DA:39,0
DA:41,0
DA:42,0
DA:45,0
DA:46,0
DA:47,0
DA:50,0
DA:54,0
DA:55,0
DA:56,0
DA:58,0
DA:59,0
DA:60,0
DA:63,0
DA:67,0
DA:68,0
DA:69,0
DA:72,0
DA:76,0
DA:77,0
DA:78,0
DA:79,0
DA:90,0
DA:91,0
DA:92,0
DA:96,0
DA:97,0
DA:98,0
DA:102,0
DA:105,0
DA:106,0
DA:110,0
DA:111,0
DA:112,0
DA:113,0
DA:123,0
DA:124,0
DA:125,0
DA:126,0
DA:130,0
DA:131,0
DA:134,0
DA:135,0
DA:139,0
DA:140,0
DA:143,0
DA:147,0
DA:148,0
DA:149,0
DA:150,0
DA:152,0
DA:153,0
DA:154,0
DA:155,0
DA:157,0
DA:158,0
DA:160,0
DA:161,0
DA:162,0
DA:164,0
DA:165,0
DA:169,0
DA:170,0
DA:171,0
DA:172,0
DA:174,0
DA:175,0
DA:176,0
DA:177,0
DA:179,0
DA:180,0
DA:182,0
DA:183,0
DA:184,0
DA:185,0
DA:187,0
DA:194,0
DA:195,0
DA:196,0
DA:198,0
LF:93
LH:0
BRDA:4,0,0,0
BRDA:4,0,1,0
BRDA:8,1,0,0
BRDA:8,1,1,0
BRDA:9,2,0,0
BRDA:9,2,1,0
BRDA:13,3,0,0
BRDA:13,3,1,0
BRDA:14,4,0,0
BRDA:14,4,1,0
BRDA:19,5,0,0
BRDA:19,5,1,0
BRDA:24,6,0,0
BRDA:24,6,1,0
BRDA:38,7,0,0
BRDA:38,7,1,0
BRDA:41,8,0,0
BRDA:41,8,1,0
BRDA:45,9,0,0
BRDA:45,9,1,0
BRDA:54,10,0,0
BRDA:54,10,1,0
BRDA:58,11,0,0
BRDA:58,11,1,0
BRDA:67,12,0,0
BRDA:67,12,1,0
BRDA:77,13,0,0
BRDA:77,13,1,0
BRDA:78,14,0,0
BRDA:78,14,1,0
BRDA:91,15,0,0
BRDA:91,15,1,0
BRDA:91,16,0,0
BRDA:91,16,1,0
BRDA:97,17,0,0
BRDA:97,17,1,0
BRDA:105,18,0,0
BRDA:105,18,1,0
BRDA:111,19,0,0
BRDA:111,19,1,0
BRDA:112,20,0,0
BRDA:112,20,1,0
BRDA:125,21,0,0
BRDA:125,21,1,0
BRDA:131,22,0,0
BRDA:131,22,1,0
BRDA:134,23,0,0
BRDA:134,23,1,0
BRDA:140,24,0,0
BRDA:140,24,1,0
BRDA:148,25,0,0
BRDA:148,25,1,0
BRDA:152,26,0,0
BRDA:152,26,1,0
BRDA:153,27,0,0
BRDA:153,27,1,0
BRDA:157,28,0,0
BRDA:157,28,1,0
BRDA:161,29,0,0
BRDA:161,29,1,0
BRDA:169,30,0,0
BRDA:169,30,1,0
BRDA:170,31,0,0
BRDA:170,31,1,0
BRDA:175,32,0,0
BRDA:175,32,1,0
BRDA:179,33,0,0
BRDA:179,33,1,0
BRDA:183,34,0,0
BRDA:183,34,1,0
BRDA:194,35,0,0
BRDA:194,35,1,0
BRF:72
BRH:0
end_of_record
TN:
SF:src/utils/crypto.js
FN:4,getKey32
FN:14,encryptSecret
FN:27,decryptSecret
FNF:3
FNH:0
FNDA:0,getKey32
FNDA:0,encryptSecret
FNDA:0,decryptSecret
DA:5,0
DA:6,0
DA:7,0
DA:8,0
DA:11,0
DA:15,0
DA:16,0
DA:17,0
DA:18,0
DA:19,0
DA:20,0
DA:21,0
DA:22,0
DA:28,0
DA:29,0
DA:30,0
DA:31,0
DA:33,0
DA:35,0
DA:36,0
DA:37,0
DA:38,0
DA:39,0
DA:40,0
DA:41,0
DA:42,0
DA:43,0
LF:27
LH:0
BRDA:5,0,0,0
BRDA:5,0,1,0
BRDA:15,1,0,0
BRDA:15,1,1,0
BRDA:15,2,0,0
BRDA:15,2,1,0
BRDA:28,3,0,0
BRDA:28,3,1,0
BRDA:31,4,0,0
BRDA:31,4,1,0
BRDA:31,5,0,0
BRDA:31,5,1,0
BRF:12
BRH:0
end_of_record
TN:
SF:src/utils/date.js
FN:1,parseDate
FNF:1
FNH:0
FNDA:0,parseDate
DA:2,0
DA:3,0
DA:4,0
LF:3
LH:0
BRDA:2,0,0,0
BRDA:2,0,1,0
BRDA:3,1,0,0
BRDA:3,1,1,0
BRDA:4,2,0,0
BRDA:4,2,1,0
BRF:6
BRH:0
end_of_record
TN:
SF:src/utils/nfeParser.js
FN:3,toNumber
FN:10,ensureArray
FN:15,extractInfNFe
FN:25,parseNfeXml
FN:51,(anonymous_4)
FNF:5
FNH:0
FNDA:0,toNumber
FNDA:0,ensureArray
FNDA:0,extractInfNFe
FNDA:0,parseNfeXml
FNDA:0,(anonymous_4)
DA:4,0
DA:5,0
DA:6,0
DA:7,0
DA:11,0
DA:12,0
DA:17,0
DA:26,0
DA:27,0
DA:30,0
DA:37,0
DA:38,0
DA:39,0
DA:40,0
DA:41,0
DA:42,0
DA:45,0
DA:46,0
DA:47,0
DA:48,0
DA:50,0
DA:51,0
DA:52,0
DA:53,0
DA:54,0
DA:57,0
DA:60,0
DA:64,0
DA:83,0
DA:84,0
DA:88,0
DA:108,0
DA:109,0
DA:110,0
DA:111,0
DA:114,0
LF:36
LH:0
BRDA:4,0,0,0
BRDA:4,0,1,0
BRDA:4,1,0,0
BRDA:4,1,1,0
BRDA:7,2,0,0
BRDA:7,2,1,0
BRDA:11,3,0,0
BRDA:11,3,1,0
BRDA:11,4,0,0
BRDA:11,4,1,0
BRDA:12,5,0,0
BRDA:12,5,1,0
BRDA:18,6,0,0
BRDA:18,6,1,0
BRDA:18,6,2,0
BRDA:18,6,3,0
BRDA:26,7,0,0
BRDA:26,7,1,0
BRDA:26,8,0,0
BRDA:26,8,1,0
BRDA:39,9,0,0
BRDA:39,9,1,0
BRDA:45,10,0,0
BRDA:45,10,1,0
BRDA:46,11,0,0
BRDA:46,11,1,0
BRDA:47,12,0,0
BRDA:47,12,1,0
BRDA:48,13,0,0
BRDA:48,13,1,0
BRDA:52,14,0,0
BRDA:52,14,1,0
BRDA:53,15,0,0
BRDA:53,15,1,0
BRDA:54,16,0,0
BRDA:54,16,1,0
BRDA:55,17,0,0
BRDA:55,17,1,0
BRDA:57,18,0,0
BRDA:57,18,1,0
BRDA:58,19,0,0
BRDA:58,19,1,0
BRDA:60,20,0,0
BRDA:60,20,1,0
BRDA:61,21,0,0
BRDA:61,21,1,0
BRDA:65,22,0,0
BRDA:65,22,1,0
BRDA:66,23,0,0
BRDA:66,23,1,0
BRDA:67,24,0,0
BRDA:67,24,1,0
BRDA:68,25,0,0
BRDA:68,25,1,0
BRDA:69,26,0,0
BRDA:69,26,1,0
BRDA:73,27,0,0
BRDA:73,27,1,0
BRDA:73,27,2,0
BRDA:74,28,0,0
BRDA:74,28,1,0
BRDA:75,29,0,0
BRDA:75,29,1,0
BRDA:76,30,0,0
BRDA:76,30,1,0
BRDA:83,31,0,0
BRDA:83,31,1,0
BRDA:83,31,2,0
BRDA:84,32,0,0
BRDA:84,32,1,0
BRDA:86,33,0,0
BRDA:86,33,1,0
BRDA:86,33,2,0
BRDA:90,34,0,0
BRDA:90,34,1,0
BRDA:91,35,0,0
BRDA:91,35,1,0
BRDA:92,36,0,0
BRDA:92,36,1,0
BRDA:92,36,2,0
BRDA:93,37,0,0
BRDA:93,37,1,0
BRDA:94,38,0,0
BRDA:94,38,1,0
BRDA:95,39,0,0
BRDA:95,39,1,0
BRDA:95,39,2,0
BRDA:96,40,0,0
BRDA:96,40,1,0
BRDA:97,41,0,0
BRDA:97,41,1,0
BRDA:108,42,0,0
BRDA:108,42,1,0
BRF:93
BRH:0
end_of_record
TN:
SF:src/utils/normalizers.js
FN:1,onlyDigits
FN:8,toNullableString
FN:14,toBoolean
FNF:3
FNH:0
FNDA:0,onlyDigits
FNDA:0,toNullableString
FNDA:0,toBoolean
DA:2,0
DA:3,0
DA:5,0
DA:9,0
DA:10,0
DA:11,0
DA:15,0
DA:16,0
DA:17,0
DA:18,0
DA:19,0
DA:21,0
LF:12
LH:0
BRDA:2,0,0,0
BRDA:2,0,1,0
BRDA:3,1,0,0
BRDA:3,1,1,0
BRDA:9,2,0,0
BRDA:9,2,1,0
BRDA:9,3,0,0
BRDA:9,3,1,0
BRDA:11,4,0,0
BRDA:11,4,1,0
BRDA:15,5,0,0
BRDA:15,5,1,0
BRDA:16,6,0,0
BRDA:16,6,1,0
BRDA:17,7,0,0
BRDA:17,7,1,0
BRF:16
BRH:0
end_of_record
TN:
SF:src/utils/serializers.js
FN:1,decimalToNumber
FN:13,dateToIso
FNF:2
FNH:0
FNDA:0,decimalToNumber
FNDA:0,dateToIso
DA:2,0
DA:3,0
DA:4,0
DA:5,0
DA:6,0
DA:7,0
DA:9,0
DA:10,0
DA:14,0
DA:15,0
DA:16,0
DA:17,0
LF:12
LH:0
BRDA:2,0,0,0
BRDA:2,0,1,0
BRDA:2,1,0,0
BRDA:2,1,1,0
BRDA:3,2,0,0
BRDA:3,2,1,0
BRDA:4,3,0,0
BRDA:4,3,1,0
BRDA:5,4,0,0
BRDA:5,4,1,0
BRDA:6,5,0,0
BRDA:6,5,1,0
BRDA:6,6,0,0
BRDA:6,6,1,0
BRDA:10,7,0,0
BRDA:10,7,1,0
BRDA:14,8,0,0
BRDA:14,8,1,0
BRDA:15,9,0,0
BRDA:15,9,1,0
BRDA:17,10,0,0
BRDA:17,10,1,0
BRF:22
BRH:0
end_of_record
TN:
SF:src/utils/xml.js
FN:1,findFirstByLocalName
FN:13,getTextByLocalNames
FNF:2
FNH:0
FNDA:0,findFirstByLocalName
FNDA:0,getTextByLocalNames
DA:2,0
DA:3,0
DA:4,0
DA:5,0
DA:6,0
DA:7,0
DA:8,0
DA:10,0
DA:14,0
DA:15,0
DA:16,0
DA:17,0
DA:18,0
DA:21,0
LF:14
LH:0
BRDA:2,0,0,0
BRDA:2,0,1,0
BRDA:4,1,0,0
BRDA:4,1,1,0
BRDA:4,2,0,0
BRDA:4,2,1,0
BRDA:5,3,0,0
BRDA:5,3,1,0
BRDA:8,4,0,0
BRDA:8,4,1,0
BRDA:16,5,0,0
BRDA:16,5,1,0
BRDA:16,6,0,0
BRDA:16,6,1,0
BRDA:17,7,0,0
BRDA:17,7,1,0
BRDA:18,8,0,0
BRDA:18,8,1,0
BRF:18
BRH:0
end_of_record
